#
# There is insufficient memory for the Java Runtime Environment to continue.
# Native memory allocation (malloc) failed to allocate 1959856 bytes for Chunk::new
# Possible reasons:
#   The system is out of physical RAM or swap space
#   The process is running with CompressedOops enabled, and the Java Heap may be blocking the growth of the native heap
# Possible solutions:
#   Reduce memory load on the system
#   Increase physical memory or swap space
#   Check if swap backing store is full
#   Decrease Java heap size (-Xmx/-Xms)
#   Decrease number of Java threads
#   Decrease Java thread stack sizes (-Xss)
#   Set larger code cache with -XX:ReservedCodeCacheSize=
#   JVM is running with Unscaled Compressed Oops mode in which the Java heap is
#     placed in the first 4GB address space. The Java Heap base address is the
#     maximum limit for the native heap growth. Please use -XX:HeapBaseMinAddress
#     to set the Java Heap base and to place the Java Heap above 4GB virtual address.
# This output file may be truncated or incomplete.
#
#  Out of Memory Error (arena.cpp:168), pid=14552, tid=17156
#
# JRE version: Java(TM) SE Runtime Environment (21.0.3+7) (build 21.0.3+7-LTS-152)
# Java VM: Java HotSpot(TM) 64-Bit Server VM (21.0.3+7-LTS-152, mixed mode, sharing, tiered, compressed oops, compressed class ptrs, g1 gc, windows-amd64)
# No core dump will be written. Minidumps are not enabled by default on client versions of Windows
#

---------------  S U M M A R Y ------------

Command Line: --add-opens=java.base/java.util=ALL-UNNAMED --add-opens=java.base/java.lang=ALL-UNNAMED --add-opens=java.base/java.lang.invoke=ALL-UNNAMED --add-opens=java.prefs/java.util.prefs=ALL-UNNAMED --add-opens=java.base/java.nio.charset=ALL-UNNAMED --add-opens=java.base/java.net=ALL-UNNAMED --add-opens=java.base/java.util.concurrent.atomic=ALL-UNNAMED -XX:MaxMetaspaceSize=384m -XX:+HeapDumpOnOutOfMemoryError -Xms256m -Xmx512m -Dfile.encoding=x-windows-949 -Duser.country=KR -Duser.language=ko -Duser.variant -javaagent:C:\Users\KOSA\.gradle\wrapper\dists\gradle-8.8-bin\dl7vupf4psengwqhwktix4v1\gradle-8.8\lib\agents\gradle-instrumentation-agent-8.8.jar org.gradle.launcher.daemon.bootstrap.GradleDaemon 8.8

Host: 11th Gen Intel(R) Core(TM) i5-1135G7 @ 2.40GHz, 8 cores, 15G,  Windows 10 , 64 bit Build 19041 (10.0.19041.4717)
Time: Sat Aug 24 20:17:18 2024  Windows 10 , 64 bit Build 19041 (10.0.19041.4717) elapsed time: 11.455033 seconds (0d 0h 0m 11s)

---------------  T H R E A D  ---------------

Current thread (0x000001ebc7152550):  JavaThread "C2 CompilerThread1" daemon [_thread_in_native, id=17156, stack(0x0000005d3bc00000,0x0000005d3bd00000) (1024K)]


Current CompileTask:
C2:  11455 3636   !   4       java.lang.ClassLoader::loadClass (121 bytes)

Stack: [0x0000005d3bc00000,0x0000005d3bd00000]
Native frames: (J=compiled Java code, j=interpreted, Vv=VM code, C=native code)
V  [jvm.dll+0x6c63b9]
V  [jvm.dll+0x84fa11]
V  [jvm.dll+0x851f3e]
V  [jvm.dll+0x852613]
V  [jvm.dll+0x27cd46]
V  [jvm.dll+0xc4aad]
V  [jvm.dll+0xc4fe3]
V  [jvm.dll+0x3b1d22]
V  [jvm.dll+0x37e485]
V  [jvm.dll+0x37d8fa]
V  [jvm.dll+0x245b40]
V  [jvm.dll+0x24511f]
V  [jvm.dll+0x1c689e]
V  [jvm.dll+0x254609]
V  [jvm.dll+0x252b9a]
V  [jvm.dll+0x3eb056]
V  [jvm.dll+0x7f9ffb]
V  [jvm.dll+0x6c4a9d]
C  [ucrtbase.dll+0x21bb2]
C  [KERNEL32.DLL+0x17374]
C  [ntdll.dll+0x4cc91]


---------------  P R O C E S S  ---------------

Threads class SMR info:
_java_thread_list=0x000001eba958fc20, length=35, elements={
0x000001eb8e63e8b0, 0x000001eba9244450, 0x000001eba9245060, 0x000001eba9245c70,
0x000001eba9246ae0, 0x000001eba92477c0, 0x000001eba9248580, 0x000001eba925b7d0,
0x000001eba925ca80, 0x000001eba9340aa0, 0x000001eba94ea520, 0x000001ebc3bed490,
0x000001ebc320f180, 0x000001ebc44727d0, 0x000001ebc3edb940, 0x000001ebc4471560,
0x000001ebc30bfeb0, 0x000001ebc3178c00, 0x000001eba9564940, 0x000001eba9566a10,
0x000001eba95642b0, 0x000001eba9567730, 0x000001eba9564fd0, 0x000001eba9565cf0,
0x000001eba9566380, 0x000001eba95670a0, 0x000001ebc69a5950, 0x000001ebc69aa180,
0x000001ebc69a7390, 0x000001ebc69a6670, 0x000001ebc69a9af0, 0x000001ebc7152550,
0x000001ebc69a4c30, 0x000001ebc69a6d00, 0x000001ebc6df5150
}

Java Threads: ( => current thread )
  0x000001eb8e63e8b0 JavaThread "main"                              [_thread_blocked, id=17616, stack(0x0000005d38e00000,0x0000005d38f00000) (1024K)]
  0x000001eba9244450 JavaThread "Reference Handler"          daemon [_thread_blocked, id=18168, stack(0x0000005d39600000,0x0000005d39700000) (1024K)]
  0x000001eba9245060 JavaThread "Finalizer"                  daemon [_thread_blocked, id=16304, stack(0x0000005d39700000,0x0000005d39800000) (1024K)]
  0x000001eba9245c70 JavaThread "Signal Dispatcher"          daemon [_thread_blocked, id=5064, stack(0x0000005d39800000,0x0000005d39900000) (1024K)]
  0x000001eba9246ae0 JavaThread "Attach Listener"            daemon [_thread_blocked, id=8100, stack(0x0000005d39900000,0x0000005d39a00000) (1024K)]
  0x000001eba92477c0 JavaThread "Service Thread"             daemon [_thread_blocked, id=18564, stack(0x0000005d39a00000,0x0000005d39b00000) (1024K)]
  0x000001eba9248580 JavaThread "Monitor Deflation Thread"   daemon [_thread_blocked, id=22208, stack(0x0000005d39b00000,0x0000005d39c00000) (1024K)]
  0x000001eba925b7d0 JavaThread "C2 CompilerThread0"         daemon [_thread_blocked, id=4144, stack(0x0000005d39c00000,0x0000005d39d00000) (1024K)]
  0x000001eba925ca80 JavaThread "C1 CompilerThread0"         daemon [_thread_in_native, id=20516, stack(0x0000005d39d00000,0x0000005d39e00000) (1024K)]
  0x000001eba9340aa0 JavaThread "Common-Cleaner"             daemon [_thread_blocked, id=2092, stack(0x0000005d39e00000,0x0000005d39f00000) (1024K)]
  0x000001eba94ea520 JavaThread "Notification Thread"        daemon [_thread_blocked, id=15552, stack(0x0000005d39f00000,0x0000005d3a000000) (1024K)]
  0x000001ebc3bed490 JavaThread "Daemon health stats"               [_thread_blocked, id=16356, stack(0x0000005d3a600000,0x0000005d3a700000) (1024K)]
  0x000001ebc320f180 JavaThread "Incoming local TCP Connector on port 64902"        [_thread_in_native, id=7888, stack(0x0000005d3a700000,0x0000005d3a800000) (1024K)]
  0x000001ebc44727d0 JavaThread "Daemon periodic checks"            [_thread_blocked, id=12400, stack(0x0000005d3a800000,0x0000005d3a900000) (1024K)]
  0x000001ebc3edb940 JavaThread "Daemon"                            [_thread_blocked, id=18712, stack(0x0000005d3a900000,0x0000005d3aa00000) (1024K)]
  0x000001ebc4471560 JavaThread "Handler for socket connection from /127.0.0.1:64902 to /127.0.0.1:64903"        [_thread_in_native, id=14556, stack(0x0000005d3aa00000,0x0000005d3ab00000) (1024K)]
  0x000001ebc30bfeb0 JavaThread "Cancel handler"                    [_thread_blocked, id=16036, stack(0x0000005d3ab00000,0x0000005d3ac00000) (1024K)]
  0x000001ebc3178c00 JavaThread "Daemon worker"                     [_thread_in_vm, id=1188, stack(0x0000005d3ac00000,0x0000005d3ad00000) (1024K)]
  0x000001eba9564940 JavaThread "Asynchronous log dispatcher for DefaultDaemonConnection: socket connection from /127.0.0.1:64902 to /127.0.0.1:64903"        [_thread_blocked, id=10844, stack(0x0000005d3ad00000,0x0000005d3ae00000) (1024K)]
  0x000001eba9566a10 JavaThread "Stdin handler"                     [_thread_blocked, id=1004, stack(0x0000005d3ae00000,0x0000005d3af00000) (1024K)]
  0x000001eba95642b0 JavaThread "Daemon client event forwarder"        [_thread_blocked, id=10292, stack(0x0000005d3af00000,0x0000005d3b000000) (1024K)]
  0x000001eba9567730 JavaThread "Cache worker for journal cache (C:\Users\KOSA\.gradle\caches\journal-1)"        [_thread_blocked, id=22436, stack(0x0000005d3a000000,0x0000005d3a100000) (1024K)]
  0x000001eba9564fd0 JavaThread "File lock request listener"        [_thread_in_native, id=19512, stack(0x0000005d3b000000,0x0000005d3b100000) (1024K)]
  0x000001eba9565cf0 JavaThread "Cache worker for file hash cache (C:\Users\KOSA\.gradle\caches\8.8\fileHashes)"        [_thread_blocked, id=21928, stack(0x0000005d3b100000,0x0000005d3b200000) (1024K)]
  0x000001eba9566380 JavaThread "Cache worker for file hash cache (C:\TimeMarket_backend\.gradle\8.8\fileHashes)"        [_thread_blocked, id=21644, stack(0x0000005d3b600000,0x0000005d3b700000) (1024K)]
  0x000001eba95670a0 JavaThread "File watcher server"        daemon [_thread_in_native, id=15336, stack(0x0000005d3b200000,0x0000005d3b300000) (1024K)]
  0x000001ebc69a5950 JavaThread "File watcher consumer"      daemon [_thread_blocked, id=10308, stack(0x0000005d3b700000,0x0000005d3b800000) (1024K)]
  0x000001ebc69aa180 JavaThread "Cache worker for checksums cache (C:\TimeMarket_backend\.gradle\8.8\checksums)"        [_thread_blocked, id=20348, stack(0x0000005d3b800000,0x0000005d3b900000) (1024K)]
  0x000001ebc69a7390 JavaThread "Cache worker for file content cache (C:\Users\KOSA\.gradle\caches\8.8\fileContent)"        [_thread_blocked, id=9884, stack(0x0000005d3b900000,0x0000005d3ba00000) (1024K)]
  0x000001ebc69a6670 JavaThread "Cache worker for cache directory md-rule (C:\Users\KOSA\.gradle\caches\8.8\md-rule)"        [_thread_blocked, id=20792, stack(0x0000005d3ba00000,0x0000005d3bb00000) (1024K)]
  0x000001ebc69a9af0 JavaThread "Cache worker for cache directory md-supplier (C:\Users\KOSA\.gradle\caches\8.8\md-supplier)"        [_thread_blocked, id=17596, stack(0x0000005d3bb00000,0x0000005d3bc00000) (1024K)]
=>0x000001ebc7152550 JavaThread "C2 CompilerThread1"         daemon [_thread_in_native, id=17156, stack(0x0000005d3bc00000,0x0000005d3bd00000) (1024K)]
  0x000001ebc69a4c30 JavaThread "jar transforms"                    [_thread_blocked, id=7488, stack(0x0000005d3bd00000,0x0000005d3be00000) (1024K)]
  0x000001ebc69a6d00 JavaThread "jar transforms Thread 2"           [_thread_blocked, id=12916, stack(0x0000005d3be00000,0x0000005d3bf00000) (1024K)]
  0x000001ebc6df5150 JavaThread "C2 CompilerThread2"         daemon [_thread_blocked, id=20932, stack(0x0000005d3bf00000,0x0000005d3c000000) (1024K)]
Total: 35

Other Threads:
  0x000001eba921f280 VMThread "VM Thread"                           [id=6492, stack(0x0000005d39500000,0x0000005d39600000) (1024K)]
  0x000001eba920c920 WatcherThread "VM Periodic Task Thread"        [id=18256, stack(0x0000005d39400000,0x0000005d39500000) (1024K)]
  0x000001eb8e667f00 WorkerThread "GC Thread#0"                     [id=3324, stack(0x0000005d38f00000,0x0000005d39000000) (1024K)]
  0x000001eba9d75010 WorkerThread "GC Thread#1"                     [id=20992, stack(0x0000005d3a100000,0x0000005d3a200000) (1024K)]
  0x000001eba9d753b0 WorkerThread "GC Thread#2"                     [id=14036, stack(0x0000005d3a200000,0x0000005d3a300000) (1024K)]
  0x000001ebc30820f0 WorkerThread "GC Thread#3"                     [id=2424, stack(0x0000005d3a300000,0x0000005d3a400000) (1024K)]
  0x000001ebc3082490 WorkerThread "GC Thread#4"                     [id=15644, stack(0x0000005d3a400000,0x0000005d3a500000) (1024K)]
  0x000001ebc308cba0 WorkerThread "GC Thread#5"                     [id=14096, stack(0x0000005d3a500000,0x0000005d3a600000) (1024K)]
  0x000001ebc43a6ef0 WorkerThread "GC Thread#6"                     [id=19580, stack(0x0000005d3b300000,0x0000005d3b400000) (1024K)]
  0x000001ebc43a7630 WorkerThread "GC Thread#7"                     [id=20708, stack(0x0000005d3b400000,0x0000005d3b500000) (1024K)]
  0x000001eb8e66cdf0 ConcurrentGCThread "G1 Main Marker"            [id=4492, stack(0x0000005d39000000,0x0000005d39100000) (1024K)]
  0x000001eb8e66d9b0 WorkerThread "G1 Conc#0"                       [id=12792, stack(0x0000005d39100000,0x0000005d39200000) (1024K)]
  0x000001ebc43a79d0 WorkerThread "G1 Conc#1"                       [id=20672, stack(0x0000005d3b500000,0x0000005d3b600000) (1024K)]
  0x000001eb8e70e770 ConcurrentGCThread "G1 Refine#0"               [id=6168, stack(0x0000005d39200000,0x0000005d39300000) (1024K)]
  0x000001eba90df7a0 ConcurrentGCThread "G1 Service"                [id=11340, stack(0x0000005d39300000,0x0000005d39400000) (1024K)]
Total: 15

Threads with active compile tasks:
C1 CompilerThread0    11506 3805       3       org.codehaus.groovy.util.ReferenceType$1::createReference (11 bytes)
C2 CompilerThread1    11506 3636   !   4       java.lang.ClassLoader::loadClass (121 bytes)
Total: 2

VM state: not at safepoint (normal execution)

VM Mutex/Monitor currently owned by a thread: None

Heap address: 0x00000000e0000000, size: 512 MB, Compressed Oops mode: 32-bit

CDS archive(s) mapped at: [0x000001ebaa000000-0x000001ebaac90000-0x000001ebaac90000), size 13172736, SharedBaseAddress: 0x000001ebaa000000, ArchiveRelocationMode: 1.
Compressed class space mapped at: 0x000001ebab000000-0x000001ebbf000000, reserved size: 335544320
Narrow klass base: 0x000001ebaa000000, Narrow klass shift: 0, Narrow klass range: 0x100000000

GC Precious Log:
 CardTable entry size: 512
 Card Set container configuration: InlinePtr #cards 5 size 8 Array Of Cards #cards 12 size 40 Howl #buckets 4 coarsen threshold 1843 Howl Bitmap #cards 512 size 80 coarsen threshold 460 Card regions per heap region 1 cards per card region 2048
 CPUs: 8 total, 8 available
 Memory: 16092M
 Large Page Support: Disabled
 NUMA Support: Disabled
 Compressed Oops: Enabled (32-bit)
 Heap Region Size: 1M
 Heap Min Capacity: 256M
 Heap Initial Capacity: 256M
 Heap Max Capacity: 512M
 Pre-touch: Disabled
 Parallel Workers: 8
 Concurrent Workers: 2
 Concurrent Refinement Workers: 8
 Periodic GC: Disabled

Heap:
 garbage-first heap   total 262144K, used 99329K [0x00000000e0000000, 0x0000000100000000)
  region size 1024K, 87 young (89088K), 13 survivors (13312K)
 Metaspace       used 30810K, committed 32000K, reserved 393216K
  class space    used 4666K, committed 5248K, reserved 327680K

Heap Regions: E=young(eden), S=young(survivor), O=old, HS=humongous(starts), HC=humongous(continues), CS=collection set, F=free, TAMS=top-at-mark-start, PB=parsable bottom
|   0|0x00000000e0000000, 0x00000000e0100000, 0x00000000e0100000|100%|HS|  |TAMS 0x00000000e0000000| PB 0x00000000e0000000| Complete 
|   1|0x00000000e0100000, 0x00000000e0200000, 0x00000000e0200000|100%|HC|  |TAMS 0x00000000e0100000| PB 0x00000000e0100000| Complete 
|   2|0x00000000e0200000, 0x00000000e0300000, 0x00000000e0300000|100%|HC|  |TAMS 0x00000000e0200000| PB 0x00000000e0200000| Complete 
|   3|0x00000000e0300000, 0x00000000e0400000, 0x00000000e0400000|100%|HC|  |TAMS 0x00000000e0300000| PB 0x00000000e0300000| Complete 
|   4|0x00000000e0400000, 0x00000000e0500000, 0x00000000e0500000|100%| O|  |TAMS 0x00000000e0400000| PB 0x00000000e0400000| Untracked 
|   5|0x00000000e0500000, 0x00000000e0600000, 0x00000000e0600000|100%| O|  |TAMS 0x00000000e0500000| PB 0x00000000e0500000| Untracked 
|   6|0x00000000e0600000, 0x00000000e0700000, 0x00000000e0700000|100%| O|  |TAMS 0x00000000e0600000| PB 0x00000000e0600000| Untracked 
|   7|0x00000000e0700000, 0x00000000e0800000, 0x00000000e0800000|100%| O|  |TAMS 0x00000000e0700000| PB 0x00000000e0700000| Untracked 
|   8|0x00000000e0800000, 0x00000000e0900000, 0x00000000e0900000|100%| O|  |TAMS 0x00000000e0800000| PB 0x00000000e0800000| Untracked 
|   9|0x00000000e0900000, 0x00000000e0a00000, 0x00000000e0a00000|100%| O|  |TAMS 0x00000000e0900000| PB 0x00000000e0900000| Untracked 
|  10|0x00000000e0a00000, 0x00000000e0a68148, 0x00000000e0b00000| 40%| O|  |TAMS 0x00000000e0a00000| PB 0x00000000e0a00000| Untracked 
|  11|0x00000000e0b00000, 0x00000000e0c00000, 0x00000000e0c00000|100%|HS|  |TAMS 0x00000000e0b00000| PB 0x00000000e0b00000| Complete 
|  12|0x00000000e0c00000, 0x00000000e0c00000, 0x00000000e0d00000|  0%| F|  |TAMS 0x00000000e0c00000| PB 0x00000000e0c00000| Untracked 
|  13|0x00000000e0d00000, 0x00000000e0d00000, 0x00000000e0e00000|  0%| F|  |TAMS 0x00000000e0d00000| PB 0x00000000e0d00000| Untracked 
|  14|0x00000000e0e00000, 0x00000000e0e00000, 0x00000000e0f00000|  0%| F|  |TAMS 0x00000000e0e00000| PB 0x00000000e0e00000| Untracked 
|  15|0x00000000e0f00000, 0x00000000e0f00000, 0x00000000e1000000|  0%| F|  |TAMS 0x00000000e0f00000| PB 0x00000000e0f00000| Untracked 
|  16|0x00000000e1000000, 0x00000000e1000000, 0x00000000e1100000|  0%| F|  |TAMS 0x00000000e1000000| PB 0x00000000e1000000| Untracked 
|  17|0x00000000e1100000, 0x00000000e1100000, 0x00000000e1200000|  0%| F|  |TAMS 0x00000000e1100000| PB 0x00000000e1100000| Untracked 
|  18|0x00000000e1200000, 0x00000000e1200000, 0x00000000e1300000|  0%| F|  |TAMS 0x00000000e1200000| PB 0x00000000e1200000| Untracked 
|  19|0x00000000e1300000, 0x00000000e1300000, 0x00000000e1400000|  0%| F|  |TAMS 0x00000000e1300000| PB 0x00000000e1300000| Untracked 
|  20|0x00000000e1400000, 0x00000000e1400000, 0x00000000e1500000|  0%| F|  |TAMS 0x00000000e1400000| PB 0x00000000e1400000| Untracked 
|  21|0x00000000e1500000, 0x00000000e1500000, 0x00000000e1600000|  0%| F|  |TAMS 0x00000000e1500000| PB 0x00000000e1500000| Untracked 
|  22|0x00000000e1600000, 0x00000000e1600000, 0x00000000e1700000|  0%| F|  |TAMS 0x00000000e1600000| PB 0x00000000e1600000| Untracked 
|  23|0x00000000e1700000, 0x00000000e1700000, 0x00000000e1800000|  0%| F|  |TAMS 0x00000000e1700000| PB 0x00000000e1700000| Untracked 
|  24|0x00000000e1800000, 0x00000000e1800000, 0x00000000e1900000|  0%| F|  |TAMS 0x00000000e1800000| PB 0x00000000e1800000| Untracked 
|  25|0x00000000e1900000, 0x00000000e1900000, 0x00000000e1a00000|  0%| F|  |TAMS 0x00000000e1900000| PB 0x00000000e1900000| Untracked 
|  26|0x00000000e1a00000, 0x00000000e1a00000, 0x00000000e1b00000|  0%| F|  |TAMS 0x00000000e1a00000| PB 0x00000000e1a00000| Untracked 
|  27|0x00000000e1b00000, 0x00000000e1b00000, 0x00000000e1c00000|  0%| F|  |TAMS 0x00000000e1b00000| PB 0x00000000e1b00000| Untracked 
|  28|0x00000000e1c00000, 0x00000000e1c00000, 0x00000000e1d00000|  0%| F|  |TAMS 0x00000000e1c00000| PB 0x00000000e1c00000| Untracked 
|  29|0x00000000e1d00000, 0x00000000e1d00000, 0x00000000e1e00000|  0%| F|  |TAMS 0x00000000e1d00000| PB 0x00000000e1d00000| Untracked 
|  30|0x00000000e1e00000, 0x00000000e1e00000, 0x00000000e1f00000|  0%| F|  |TAMS 0x00000000e1e00000| PB 0x00000000e1e00000| Untracked 
|  31|0x00000000e1f00000, 0x00000000e1f00000, 0x00000000e2000000|  0%| F|  |TAMS 0x00000000e1f00000| PB 0x00000000e1f00000| Untracked 
|  32|0x00000000e2000000, 0x00000000e2000000, 0x00000000e2100000|  0%| F|  |TAMS 0x00000000e2000000| PB 0x00000000e2000000| Untracked 
|  33|0x00000000e2100000, 0x00000000e2100000, 0x00000000e2200000|  0%| F|  |TAMS 0x00000000e2100000| PB 0x00000000e2100000| Untracked 
|  34|0x00000000e2200000, 0x00000000e2200000, 0x00000000e2300000|  0%| F|  |TAMS 0x00000000e2200000| PB 0x00000000e2200000| Untracked 
|  35|0x00000000e2300000, 0x00000000e2300000, 0x00000000e2400000|  0%| F|  |TAMS 0x00000000e2300000| PB 0x00000000e2300000| Untracked 
|  36|0x00000000e2400000, 0x00000000e2400000, 0x00000000e2500000|  0%| F|  |TAMS 0x00000000e2400000| PB 0x00000000e2400000| Untracked 
|  37|0x00000000e2500000, 0x00000000e2500000, 0x00000000e2600000|  0%| F|  |TAMS 0x00000000e2500000| PB 0x00000000e2500000| Untracked 
|  38|0x00000000e2600000, 0x00000000e2600000, 0x00000000e2700000|  0%| F|  |TAMS 0x00000000e2600000| PB 0x00000000e2600000| Untracked 
|  39|0x00000000e2700000, 0x00000000e2700000, 0x00000000e2800000|  0%| F|  |TAMS 0x00000000e2700000| PB 0x00000000e2700000| Untracked 
|  40|0x00000000e2800000, 0x00000000e2800000, 0x00000000e2900000|  0%| F|  |TAMS 0x00000000e2800000| PB 0x00000000e2800000| Untracked 
|  41|0x00000000e2900000, 0x00000000e2900000, 0x00000000e2a00000|  0%| F|  |TAMS 0x00000000e2900000| PB 0x00000000e2900000| Untracked 
|  42|0x00000000e2a00000, 0x00000000e2a00000, 0x00000000e2b00000|  0%| F|  |TAMS 0x00000000e2a00000| PB 0x00000000e2a00000| Untracked 
|  43|0x00000000e2b00000, 0x00000000e2b00000, 0x00000000e2c00000|  0%| F|  |TAMS 0x00000000e2b00000| PB 0x00000000e2b00000| Untracked 
|  44|0x00000000e2c00000, 0x00000000e2c00000, 0x00000000e2d00000|  0%| F|  |TAMS 0x00000000e2c00000| PB 0x00000000e2c00000| Untracked 
|  45|0x00000000e2d00000, 0x00000000e2d00000, 0x00000000e2e00000|  0%| F|  |TAMS 0x00000000e2d00000| PB 0x00000000e2d00000| Untracked 
|  46|0x00000000e2e00000, 0x00000000e2e00000, 0x00000000e2f00000|  0%| F|  |TAMS 0x00000000e2e00000| PB 0x00000000e2e00000| Untracked 
|  47|0x00000000e2f00000, 0x00000000e2f00000, 0x00000000e3000000|  0%| F|  |TAMS 0x00000000e2f00000| PB 0x00000000e2f00000| Untracked 
|  48|0x00000000e3000000, 0x00000000e3000000, 0x00000000e3100000|  0%| F|  |TAMS 0x00000000e3000000| PB 0x00000000e3000000| Untracked 
|  49|0x00000000e3100000, 0x00000000e3100000, 0x00000000e3200000|  0%| F|  |TAMS 0x00000000e3100000| PB 0x00000000e3100000| Untracked 
|  50|0x00000000e3200000, 0x00000000e3200000, 0x00000000e3300000|  0%| F|  |TAMS 0x00000000e3200000| PB 0x00000000e3200000| Untracked 
|  51|0x00000000e3300000, 0x00000000e3300000, 0x00000000e3400000|  0%| F|  |TAMS 0x00000000e3300000| PB 0x00000000e3300000| Untracked 
|  52|0x00000000e3400000, 0x00000000e3400000, 0x00000000e3500000|  0%| F|  |TAMS 0x00000000e3400000| PB 0x00000000e3400000| Untracked 
|  53|0x00000000e3500000, 0x00000000e3500000, 0x00000000e3600000|  0%| F|  |TAMS 0x00000000e3500000| PB 0x00000000e3500000| Untracked 
|  54|0x00000000e3600000, 0x00000000e3600000, 0x00000000e3700000|  0%| F|  |TAMS 0x00000000e3600000| PB 0x00000000e3600000| Untracked 
|  55|0x00000000e3700000, 0x00000000e3700000, 0x00000000e3800000|  0%| F|  |TAMS 0x00000000e3700000| PB 0x00000000e3700000| Untracked 
|  56|0x00000000e3800000, 0x00000000e3800000, 0x00000000e3900000|  0%| F|  |TAMS 0x00000000e3800000| PB 0x00000000e3800000| Untracked 
|  57|0x00000000e3900000, 0x00000000e3900000, 0x00000000e3a00000|  0%| F|  |TAMS 0x00000000e3900000| PB 0x00000000e3900000| Untracked 
|  58|0x00000000e3a00000, 0x00000000e3a00000, 0x00000000e3b00000|  0%| F|  |TAMS 0x00000000e3a00000| PB 0x00000000e3a00000| Untracked 
|  59|0x00000000e3b00000, 0x00000000e3b00000, 0x00000000e3c00000|  0%| F|  |TAMS 0x00000000e3b00000| PB 0x00000000e3b00000| Untracked 
|  60|0x00000000e3c00000, 0x00000000e3c00000, 0x00000000e3d00000|  0%| F|  |TAMS 0x00000000e3c00000| PB 0x00000000e3c00000| Untracked 
|  61|0x00000000e3d00000, 0x00000000e3d00000, 0x00000000e3e00000|  0%| F|  |TAMS 0x00000000e3d00000| PB 0x00000000e3d00000| Untracked 
|  62|0x00000000e3e00000, 0x00000000e3e00000, 0x00000000e3f00000|  0%| F|  |TAMS 0x00000000e3e00000| PB 0x00000000e3e00000| Untracked 
|  63|0x00000000e3f00000, 0x00000000e3f00000, 0x00000000e4000000|  0%| F|  |TAMS 0x00000000e3f00000| PB 0x00000000e3f00000| Untracked 
|  64|0x00000000e4000000, 0x00000000e4000000, 0x00000000e4100000|  0%| F|  |TAMS 0x00000000e4000000| PB 0x00000000e4000000| Untracked 
|  65|0x00000000e4100000, 0x00000000e4100000, 0x00000000e4200000|  0%| F|  |TAMS 0x00000000e4100000| PB 0x00000000e4100000| Untracked 
|  66|0x00000000e4200000, 0x00000000e4200000, 0x00000000e4300000|  0%| F|  |TAMS 0x00000000e4200000| PB 0x00000000e4200000| Untracked 
|  67|0x00000000e4300000, 0x00000000e4300000, 0x00000000e4400000|  0%| F|  |TAMS 0x00000000e4300000| PB 0x00000000e4300000| Untracked 
|  68|0x00000000e4400000, 0x00000000e4400000, 0x00000000e4500000|  0%| F|  |TAMS 0x00000000e4400000| PB 0x00000000e4400000| Untracked 
|  69|0x00000000e4500000, 0x00000000e4500000, 0x00000000e4600000|  0%| F|  |TAMS 0x00000000e4500000| PB 0x00000000e4500000| Untracked 
|  70|0x00000000e4600000, 0x00000000e4600000, 0x00000000e4700000|  0%| F|  |TAMS 0x00000000e4600000| PB 0x00000000e4600000| Untracked 
|  71|0x00000000e4700000, 0x00000000e4700000, 0x00000000e4800000|  0%| F|  |TAMS 0x00000000e4700000| PB 0x00000000e4700000| Untracked 
|  72|0x00000000e4800000, 0x00000000e4800000, 0x00000000e4900000|  0%| F|  |TAMS 0x00000000e4800000| PB 0x00000000e4800000| Untracked 
|  73|0x00000000e4900000, 0x00000000e4900000, 0x00000000e4a00000|  0%| F|  |TAMS 0x00000000e4900000| PB 0x00000000e4900000| Untracked 
|  74|0x00000000e4a00000, 0x00000000e4a00000, 0x00000000e4b00000|  0%| F|  |TAMS 0x00000000e4a00000| PB 0x00000000e4a00000| Untracked 
|  75|0x00000000e4b00000, 0x00000000e4b00000, 0x00000000e4c00000|  0%| F|  |TAMS 0x00000000e4b00000| PB 0x00000000e4b00000| Untracked 
|  76|0x00000000e4c00000, 0x00000000e4c00000, 0x00000000e4d00000|  0%| F|  |TAMS 0x00000000e4c00000| PB 0x00000000e4c00000| Untracked 
|  77|0x00000000e4d00000, 0x00000000e4d00000, 0x00000000e4e00000|  0%| F|  |TAMS 0x00000000e4d00000| PB 0x00000000e4d00000| Untracked 
|  78|0x00000000e4e00000, 0x00000000e4e00000, 0x00000000e4f00000|  0%| F|  |TAMS 0x00000000e4e00000| PB 0x00000000e4e00000| Untracked 
|  79|0x00000000e4f00000, 0x00000000e4f00000, 0x00000000e5000000|  0%| F|  |TAMS 0x00000000e4f00000| PB 0x00000000e4f00000| Untracked 
|  80|0x00000000e5000000, 0x00000000e5000000, 0x00000000e5100000|  0%| F|  |TAMS 0x00000000e5000000| PB 0x00000000e5000000| Untracked 
|  81|0x00000000e5100000, 0x00000000e5100000, 0x00000000e5200000|  0%| F|  |TAMS 0x00000000e5100000| PB 0x00000000e5100000| Untracked 
|  82|0x00000000e5200000, 0x00000000e5200000, 0x00000000e5300000|  0%| F|  |TAMS 0x00000000e5200000| PB 0x00000000e5200000| Untracked 
|  83|0x00000000e5300000, 0x00000000e5300000, 0x00000000e5400000|  0%| F|  |TAMS 0x00000000e5300000| PB 0x00000000e5300000| Untracked 
|  84|0x00000000e5400000, 0x00000000e5400000, 0x00000000e5500000|  0%| F|  |TAMS 0x00000000e5400000| PB 0x00000000e5400000| Untracked 
|  85|0x00000000e5500000, 0x00000000e5500000, 0x00000000e5600000|  0%| F|  |TAMS 0x00000000e5500000| PB 0x00000000e5500000| Untracked 
|  86|0x00000000e5600000, 0x00000000e5600000, 0x00000000e5700000|  0%| F|  |TAMS 0x00000000e5600000| PB 0x00000000e5600000| Untracked 
|  87|0x00000000e5700000, 0x00000000e5700000, 0x00000000e5800000|  0%| F|  |TAMS 0x00000000e5700000| PB 0x00000000e5700000| Untracked 
|  88|0x00000000e5800000, 0x00000000e5800000, 0x00000000e5900000|  0%| F|  |TAMS 0x00000000e5800000| PB 0x00000000e5800000| Untracked 
|  89|0x00000000e5900000, 0x00000000e5900000, 0x00000000e5a00000|  0%| F|  |TAMS 0x00000000e5900000| PB 0x00000000e5900000| Untracked 
|  90|0x00000000e5a00000, 0x00000000e5a00000, 0x00000000e5b00000|  0%| F|  |TAMS 0x00000000e5a00000| PB 0x00000000e5a00000| Untracked 
|  91|0x00000000e5b00000, 0x00000000e5b00000, 0x00000000e5c00000|  0%| F|  |TAMS 0x00000000e5b00000| PB 0x00000000e5b00000| Untracked 
|  92|0x00000000e5c00000, 0x00000000e5c00000, 0x00000000e5d00000|  0%| F|  |TAMS 0x00000000e5c00000| PB 0x00000000e5c00000| Untracked 
|  93|0x00000000e5d00000, 0x00000000e5d00000, 0x00000000e5e00000|  0%| F|  |TAMS 0x00000000e5d00000| PB 0x00000000e5d00000| Untracked 
|  94|0x00000000e5e00000, 0x00000000e5e00000, 0x00000000e5f00000|  0%| F|  |TAMS 0x00000000e5e00000| PB 0x00000000e5e00000| Untracked 
|  95|0x00000000e5f00000, 0x00000000e5f00000, 0x00000000e6000000|  0%| F|  |TAMS 0x00000000e5f00000| PB 0x00000000e5f00000| Untracked 
|  96|0x00000000e6000000, 0x00000000e6000000, 0x00000000e6100000|  0%| F|  |TAMS 0x00000000e6000000| PB 0x00000000e6000000| Untracked 
|  97|0x00000000e6100000, 0x00000000e6100000, 0x00000000e6200000|  0%| F|  |TAMS 0x00000000e6100000| PB 0x00000000e6100000| Untracked 
|  98|0x00000000e6200000, 0x00000000e6200000, 0x00000000e6300000|  0%| F|  |TAMS 0x00000000e6200000| PB 0x00000000e6200000| Untracked 
|  99|0x00000000e6300000, 0x00000000e6300000, 0x00000000e6400000|  0%| F|  |TAMS 0x00000000e6300000| PB 0x00000000e6300000| Untracked 
| 100|0x00000000e6400000, 0x00000000e6400000, 0x00000000e6500000|  0%| F|  |TAMS 0x00000000e6400000| PB 0x00000000e6400000| Untracked 
| 101|0x00000000e6500000, 0x00000000e6500000, 0x00000000e6600000|  0%| F|  |TAMS 0x00000000e6500000| PB 0x00000000e6500000| Untracked 
| 102|0x00000000e6600000, 0x00000000e6600000, 0x00000000e6700000|  0%| F|  |TAMS 0x00000000e6600000| PB 0x00000000e6600000| Untracked 
| 103|0x00000000e6700000, 0x00000000e6700000, 0x00000000e6800000|  0%| F|  |TAMS 0x00000000e6700000| PB 0x00000000e6700000| Untracked 
| 104|0x00000000e6800000, 0x00000000e6800000, 0x00000000e6900000|  0%| F|  |TAMS 0x00000000e6800000| PB 0x00000000e6800000| Untracked 
| 105|0x00000000e6900000, 0x00000000e6900000, 0x00000000e6a00000|  0%| F|  |TAMS 0x00000000e6900000| PB 0x00000000e6900000| Untracked 
| 106|0x00000000e6a00000, 0x00000000e6a00000, 0x00000000e6b00000|  0%| F|  |TAMS 0x00000000e6a00000| PB 0x00000000e6a00000| Untracked 
| 107|0x00000000e6b00000, 0x00000000e6b00000, 0x00000000e6c00000|  0%| F|  |TAMS 0x00000000e6b00000| PB 0x00000000e6b00000| Untracked 
| 108|0x00000000e6c00000, 0x00000000e6c00000, 0x00000000e6d00000|  0%| F|  |TAMS 0x00000000e6c00000| PB 0x00000000e6c00000| Untracked 
| 109|0x00000000e6d00000, 0x00000000e6d00000, 0x00000000e6e00000|  0%| F|  |TAMS 0x00000000e6d00000| PB 0x00000000e6d00000| Untracked 
| 110|0x00000000e6e00000, 0x00000000e6e00000, 0x00000000e6f00000|  0%| F|  |TAMS 0x00000000e6e00000| PB 0x00000000e6e00000| Untracked 
| 111|0x00000000e6f00000, 0x00000000e6f00000, 0x00000000e7000000|  0%| F|  |TAMS 0x00000000e6f00000| PB 0x00000000e6f00000| Untracked 
| 112|0x00000000e7000000, 0x00000000e7000000, 0x00000000e7100000|  0%| F|  |TAMS 0x00000000e7000000| PB 0x00000000e7000000| Untracked 
| 113|0x00000000e7100000, 0x00000000e7100000, 0x00000000e7200000|  0%| F|  |TAMS 0x00000000e7100000| PB 0x00000000e7100000| Untracked 
| 114|0x00000000e7200000, 0x00000000e7200000, 0x00000000e7300000|  0%| F|  |TAMS 0x00000000e7200000| PB 0x00000000e7200000| Untracked 
| 115|0x00000000e7300000, 0x00000000e7300000, 0x00000000e7400000|  0%| F|  |TAMS 0x00000000e7300000| PB 0x00000000e7300000| Untracked 
| 116|0x00000000e7400000, 0x00000000e7400000, 0x00000000e7500000|  0%| F|  |TAMS 0x00000000e7400000| PB 0x00000000e7400000| Untracked 
| 117|0x00000000e7500000, 0x00000000e7500000, 0x00000000e7600000|  0%| F|  |TAMS 0x00000000e7500000| PB 0x00000000e7500000| Untracked 
| 118|0x00000000e7600000, 0x00000000e7600000, 0x00000000e7700000|  0%| F|  |TAMS 0x00000000e7600000| PB 0x00000000e7600000| Untracked 
| 119|0x00000000e7700000, 0x00000000e7700000, 0x00000000e7800000|  0%| F|  |TAMS 0x00000000e7700000| PB 0x00000000e7700000| Untracked 
| 120|0x00000000e7800000, 0x00000000e7800000, 0x00000000e7900000|  0%| F|  |TAMS 0x00000000e7800000| PB 0x00000000e7800000| Untracked 
| 121|0x00000000e7900000, 0x00000000e7900000, 0x00000000e7a00000|  0%| F|  |TAMS 0x00000000e7900000| PB 0x00000000e7900000| Untracked 
| 122|0x00000000e7a00000, 0x00000000e7a00000, 0x00000000e7b00000|  0%| F|  |TAMS 0x00000000e7a00000| PB 0x00000000e7a00000| Untracked 
| 123|0x00000000e7b00000, 0x00000000e7b00000, 0x00000000e7c00000|  0%| F|  |TAMS 0x00000000e7b00000| PB 0x00000000e7b00000| Untracked 
| 124|0x00000000e7c00000, 0x00000000e7c00000, 0x00000000e7d00000|  0%| F|  |TAMS 0x00000000e7c00000| PB 0x00000000e7c00000| Untracked 
| 125|0x00000000e7d00000, 0x00000000e7d00000, 0x00000000e7e00000|  0%| F|  |TAMS 0x00000000e7d00000| PB 0x00000000e7d00000| Untracked 
| 126|0x00000000e7e00000, 0x00000000e7e00000, 0x00000000e7f00000|  0%| F|  |TAMS 0x00000000e7e00000| PB 0x00000000e7e00000| Untracked 
| 127|0x00000000e7f00000, 0x00000000e7f00000, 0x00000000e8000000|  0%| F|  |TAMS 0x00000000e7f00000| PB 0x00000000e7f00000| Untracked 
| 128|0x00000000e8000000, 0x00000000e80984c0, 0x00000000e8100000| 59%| S|CS|TAMS 0x00000000e8000000| PB 0x00000000e8000000| Complete 
| 129|0x00000000e8100000, 0x00000000e8200000, 0x00000000e8200000|100%| S|CS|TAMS 0x00000000e8100000| PB 0x00000000e8100000| Complete 
| 130|0x00000000e8200000, 0x00000000e8300000, 0x00000000e8300000|100%| S|CS|TAMS 0x00000000e8200000| PB 0x00000000e8200000| Complete 
| 131|0x00000000e8300000, 0x00000000e8400000, 0x00000000e8400000|100%| S|CS|TAMS 0x00000000e8300000| PB 0x00000000e8300000| Complete 
| 132|0x00000000e8400000, 0x00000000e8500000, 0x00000000e8500000|100%| S|CS|TAMS 0x00000000e8400000| PB 0x00000000e8400000| Complete 
| 133|0x00000000e8500000, 0x00000000e8600000, 0x00000000e8600000|100%| S|CS|TAMS 0x00000000e8500000| PB 0x00000000e8500000| Complete 
| 134|0x00000000e8600000, 0x00000000e8700000, 0x00000000e8700000|100%| S|CS|TAMS 0x00000000e8600000| PB 0x00000000e8600000| Complete 
| 135|0x00000000e8700000, 0x00000000e8800000, 0x00000000e8800000|100%| S|CS|TAMS 0x00000000e8700000| PB 0x00000000e8700000| Complete 
| 136|0x00000000e8800000, 0x00000000e8900000, 0x00000000e8900000|100%| S|CS|TAMS 0x00000000e8800000| PB 0x00000000e8800000| Complete 
| 137|0x00000000e8900000, 0x00000000e8a00000, 0x00000000e8a00000|100%| S|CS|TAMS 0x00000000e8900000| PB 0x00000000e8900000| Complete 
| 138|0x00000000e8a00000, 0x00000000e8b00000, 0x00000000e8b00000|100%| S|CS|TAMS 0x00000000e8a00000| PB 0x00000000e8a00000| Complete 
| 139|0x00000000e8b00000, 0x00000000e8c00000, 0x00000000e8c00000|100%| S|CS|TAMS 0x00000000e8b00000| PB 0x00000000e8b00000| Complete 
| 140|0x00000000e8c00000, 0x00000000e8d00000, 0x00000000e8d00000|100%| S|CS|TAMS 0x00000000e8c00000| PB 0x00000000e8c00000| Complete 
| 141|0x00000000e8d00000, 0x00000000e8d00000, 0x00000000e8e00000|  0%| F|  |TAMS 0x00000000e8d00000| PB 0x00000000e8d00000| Untracked 
| 142|0x00000000e8e00000, 0x00000000e8e00000, 0x00000000e8f00000|  0%| F|  |TAMS 0x00000000e8e00000| PB 0x00000000e8e00000| Untracked 
| 143|0x00000000e8f00000, 0x00000000e8f00000, 0x00000000e9000000|  0%| F|  |TAMS 0x00000000e8f00000| PB 0x00000000e8f00000| Untracked 
| 144|0x00000000e9000000, 0x00000000e9000000, 0x00000000e9100000|  0%| F|  |TAMS 0x00000000e9000000| PB 0x00000000e9000000| Untracked 
| 145|0x00000000e9100000, 0x00000000e9100000, 0x00000000e9200000|  0%| F|  |TAMS 0x00000000e9100000| PB 0x00000000e9100000| Untracked 
| 146|0x00000000e9200000, 0x00000000e9200000, 0x00000000e9300000|  0%| F|  |TAMS 0x00000000e9200000| PB 0x00000000e9200000| Untracked 
| 147|0x00000000e9300000, 0x00000000e9300000, 0x00000000e9400000|  0%| F|  |TAMS 0x00000000e9300000| PB 0x00000000e9300000| Untracked 
| 148|0x00000000e9400000, 0x00000000e9400000, 0x00000000e9500000|  0%| F|  |TAMS 0x00000000e9400000| PB 0x00000000e9400000| Untracked 
| 149|0x00000000e9500000, 0x00000000e9500000, 0x00000000e9600000|  0%| F|  |TAMS 0x00000000e9500000| PB 0x00000000e9500000| Untracked 
| 150|0x00000000e9600000, 0x00000000e9600000, 0x00000000e9700000|  0%| F|  |TAMS 0x00000000e9600000| PB 0x00000000e9600000| Untracked 
| 151|0x00000000e9700000, 0x00000000e9700000, 0x00000000e9800000|  0%| F|  |TAMS 0x00000000e9700000| PB 0x00000000e9700000| Untracked 
| 152|0x00000000e9800000, 0x00000000e9800000, 0x00000000e9900000|  0%| F|  |TAMS 0x00000000e9800000| PB 0x00000000e9800000| Untracked 
| 153|0x00000000e9900000, 0x00000000e9900000, 0x00000000e9a00000|  0%| F|  |TAMS 0x00000000e9900000| PB 0x00000000e9900000| Untracked 
| 154|0x00000000e9a00000, 0x00000000e9a00000, 0x00000000e9b00000|  0%| F|  |TAMS 0x00000000e9a00000| PB 0x00000000e9a00000| Untracked 
| 155|0x00000000e9b00000, 0x00000000e9b00000, 0x00000000e9c00000|  0%| F|  |TAMS 0x00000000e9b00000| PB 0x00000000e9b00000| Untracked 
| 156|0x00000000e9c00000, 0x00000000e9c00000, 0x00000000e9d00000|  0%| F|  |TAMS 0x00000000e9c00000| PB 0x00000000e9c00000| Untracked 
| 157|0x00000000e9d00000, 0x00000000e9d00000, 0x00000000e9e00000|  0%| F|  |TAMS 0x00000000e9d00000| PB 0x00000000e9d00000| Untracked 
| 158|0x00000000e9e00000, 0x00000000e9e00000, 0x00000000e9f00000|  0%| F|  |TAMS 0x00000000e9e00000| PB 0x00000000e9e00000| Untracked 
| 159|0x00000000e9f00000, 0x00000000e9f00000, 0x00000000ea000000|  0%| F|  |TAMS 0x00000000e9f00000| PB 0x00000000e9f00000| Untracked 
| 160|0x00000000ea000000, 0x00000000ea000000, 0x00000000ea100000|  0%| F|  |TAMS 0x00000000ea000000| PB 0x00000000ea000000| Untracked 
| 161|0x00000000ea100000, 0x00000000ea100000, 0x00000000ea200000|  0%| F|  |TAMS 0x00000000ea100000| PB 0x00000000ea100000| Untracked 
| 162|0x00000000ea200000, 0x00000000ea200000, 0x00000000ea300000|  0%| F|  |TAMS 0x00000000ea200000| PB 0x00000000ea200000| Untracked 
| 163|0x00000000ea300000, 0x00000000ea300000, 0x00000000ea400000|  0%| F|  |TAMS 0x00000000ea300000| PB 0x00000000ea300000| Untracked 
| 164|0x00000000ea400000, 0x00000000ea400000, 0x00000000ea500000|  0%| F|  |TAMS 0x00000000ea400000| PB 0x00000000ea400000| Untracked 
| 165|0x00000000ea500000, 0x00000000ea500000, 0x00000000ea600000|  0%| F|  |TAMS 0x00000000ea500000| PB 0x00000000ea500000| Untracked 
| 166|0x00000000ea600000, 0x00000000ea600000, 0x00000000ea700000|  0%| F|  |TAMS 0x00000000ea600000| PB 0x00000000ea600000| Untracked 
| 167|0x00000000ea700000, 0x00000000ea700000, 0x00000000ea800000|  0%| F|  |TAMS 0x00000000ea700000| PB 0x00000000ea700000| Untracked 
| 168|0x00000000ea800000, 0x00000000ea800000, 0x00000000ea900000|  0%| F|  |TAMS 0x00000000ea800000| PB 0x00000000ea800000| Untracked 
| 169|0x00000000ea900000, 0x00000000ea900000, 0x00000000eaa00000|  0%| F|  |TAMS 0x00000000ea900000| PB 0x00000000ea900000| Untracked 
| 170|0x00000000eaa00000, 0x00000000eaa00000, 0x00000000eab00000|  0%| F|  |TAMS 0x00000000eaa00000| PB 0x00000000eaa00000| Untracked 
| 171|0x00000000eab00000, 0x00000000eab00000, 0x00000000eac00000|  0%| F|  |TAMS 0x00000000eab00000| PB 0x00000000eab00000| Untracked 
| 172|0x00000000eac00000, 0x00000000eac00000, 0x00000000ead00000|  0%| F|  |TAMS 0x00000000eac00000| PB 0x00000000eac00000| Untracked 
| 173|0x00000000ead00000, 0x00000000ead00000, 0x00000000eae00000|  0%| F|  |TAMS 0x00000000ead00000| PB 0x00000000ead00000| Untracked 
| 174|0x00000000eae00000, 0x00000000eae00000, 0x00000000eaf00000|  0%| F|  |TAMS 0x00000000eae00000| PB 0x00000000eae00000| Untracked 
| 175|0x00000000eaf00000, 0x00000000eaf00000, 0x00000000eb000000|  0%| F|  |TAMS 0x00000000eaf00000| PB 0x00000000eaf00000| Untracked 
| 176|0x00000000eb000000, 0x00000000eb000000, 0x00000000eb100000|  0%| F|  |TAMS 0x00000000eb000000| PB 0x00000000eb000000| Untracked 
| 177|0x00000000eb100000, 0x00000000eb100000, 0x00000000eb200000|  0%| F|  |TAMS 0x00000000eb100000| PB 0x00000000eb100000| Untracked 
| 178|0x00000000eb200000, 0x00000000eb200000, 0x00000000eb300000|  0%| F|  |TAMS 0x00000000eb200000| PB 0x00000000eb200000| Untracked 
| 179|0x00000000eb300000, 0x00000000eb300000, 0x00000000eb400000|  0%| F|  |TAMS 0x00000000eb300000| PB 0x00000000eb300000| Untracked 
| 180|0x00000000eb400000, 0x00000000eb400000, 0x00000000eb500000|  0%| F|  |TAMS 0x00000000eb400000| PB 0x00000000eb400000| Untracked 
| 181|0x00000000eb500000, 0x00000000eb500000, 0x00000000eb600000|  0%| F|  |TAMS 0x00000000eb500000| PB 0x00000000eb500000| Untracked 
| 182|0x00000000eb600000, 0x00000000eb6f9150, 0x00000000eb700000| 97%| E|  |TAMS 0x00000000eb600000| PB 0x00000000eb600000| Complete 
| 183|0x00000000eb700000, 0x00000000eb800000, 0x00000000eb800000|100%| E|CS|TAMS 0x00000000eb700000| PB 0x00000000eb700000| Complete 
| 184|0x00000000eb800000, 0x00000000eb900000, 0x00000000eb900000|100%| E|CS|TAMS 0x00000000eb800000| PB 0x00000000eb800000| Complete 
| 185|0x00000000eb900000, 0x00000000eba00000, 0x00000000eba00000|100%| E|CS|TAMS 0x00000000eb900000| PB 0x00000000eb900000| Complete 
| 186|0x00000000eba00000, 0x00000000ebb00000, 0x00000000ebb00000|100%| E|CS|TAMS 0x00000000eba00000| PB 0x00000000eba00000| Complete 
| 187|0x00000000ebb00000, 0x00000000ebc00000, 0x00000000ebc00000|100%| E|CS|TAMS 0x00000000ebb00000| PB 0x00000000ebb00000| Complete 
| 188|0x00000000ebc00000, 0x00000000ebd00000, 0x00000000ebd00000|100%| E|CS|TAMS 0x00000000ebc00000| PB 0x00000000ebc00000| Complete 
| 189|0x00000000ebd00000, 0x00000000ebe00000, 0x00000000ebe00000|100%| E|CS|TAMS 0x00000000ebd00000| PB 0x00000000ebd00000| Complete 
| 190|0x00000000ebe00000, 0x00000000ebf00000, 0x00000000ebf00000|100%| E|CS|TAMS 0x00000000ebe00000| PB 0x00000000ebe00000| Complete 
| 191|0x00000000ebf00000, 0x00000000ec000000, 0x00000000ec000000|100%| E|CS|TAMS 0x00000000ebf00000| PB 0x00000000ebf00000| Complete 
| 192|0x00000000ec000000, 0x00000000ec100000, 0x00000000ec100000|100%| E|CS|TAMS 0x00000000ec000000| PB 0x00000000ec000000| Complete 
| 193|0x00000000ec100000, 0x00000000ec200000, 0x00000000ec200000|100%| E|CS|TAMS 0x00000000ec100000| PB 0x00000000ec100000| Complete 
| 194|0x00000000ec200000, 0x00000000ec300000, 0x00000000ec300000|100%| E|CS|TAMS 0x00000000ec200000| PB 0x00000000ec200000| Complete 
| 195|0x00000000ec300000, 0x00000000ec400000, 0x00000000ec400000|100%| E|CS|TAMS 0x00000000ec300000| PB 0x00000000ec300000| Complete 
| 196|0x00000000ec400000, 0x00000000ec500000, 0x00000000ec500000|100%| E|CS|TAMS 0x00000000ec400000| PB 0x00000000ec400000| Complete 
| 197|0x00000000ec500000, 0x00000000ec600000, 0x00000000ec600000|100%| E|CS|TAMS 0x00000000ec500000| PB 0x00000000ec500000| Complete 
| 198|0x00000000ec600000, 0x00000000ec700000, 0x00000000ec700000|100%| E|CS|TAMS 0x00000000ec600000| PB 0x00000000ec600000| Complete 
| 199|0x00000000ec700000, 0x00000000ec800000, 0x00000000ec800000|100%| E|CS|TAMS 0x00000000ec700000| PB 0x00000000ec700000| Complete 
| 200|0x00000000ec800000, 0x00000000ec900000, 0x00000000ec900000|100%| E|CS|TAMS 0x00000000ec800000| PB 0x00000000ec800000| Complete 
| 201|0x00000000ec900000, 0x00000000eca00000, 0x00000000eca00000|100%| E|CS|TAMS 0x00000000ec900000| PB 0x00000000ec900000| Complete 
| 202|0x00000000eca00000, 0x00000000ecb00000, 0x00000000ecb00000|100%| E|CS|TAMS 0x00000000eca00000| PB 0x00000000eca00000| Complete 
| 203|0x00000000ecb00000, 0x00000000ecc00000, 0x00000000ecc00000|100%| E|CS|TAMS 0x00000000ecb00000| PB 0x00000000ecb00000| Complete 
| 204|0x00000000ecc00000, 0x00000000ecd00000, 0x00000000ecd00000|100%| E|CS|TAMS 0x00000000ecc00000| PB 0x00000000ecc00000| Complete 
| 205|0x00000000ecd00000, 0x00000000ece00000, 0x00000000ece00000|100%| E|CS|TAMS 0x00000000ecd00000| PB 0x00000000ecd00000| Complete 
| 206|0x00000000ece00000, 0x00000000ecf00000, 0x00000000ecf00000|100%| E|CS|TAMS 0x00000000ece00000| PB 0x00000000ece00000| Complete 
| 207|0x00000000ecf00000, 0x00000000ed000000, 0x00000000ed000000|100%| E|CS|TAMS 0x00000000ecf00000| PB 0x00000000ecf00000| Complete 
| 208|0x00000000ed000000, 0x00000000ed100000, 0x00000000ed100000|100%| E|CS|TAMS 0x00000000ed000000| PB 0x00000000ed000000| Complete 
| 209|0x00000000ed100000, 0x00000000ed200000, 0x00000000ed200000|100%| E|CS|TAMS 0x00000000ed100000| PB 0x00000000ed100000| Complete 
| 210|0x00000000ed200000, 0x00000000ed300000, 0x00000000ed300000|100%| E|CS|TAMS 0x00000000ed200000| PB 0x00000000ed200000| Complete 
| 211|0x00000000ed300000, 0x00000000ed400000, 0x00000000ed400000|100%| E|CS|TAMS 0x00000000ed300000| PB 0x00000000ed300000| Complete 
| 212|0x00000000ed400000, 0x00000000ed500000, 0x00000000ed500000|100%| E|CS|TAMS 0x00000000ed400000| PB 0x00000000ed400000| Complete 
| 213|0x00000000ed500000, 0x00000000ed600000, 0x00000000ed600000|100%| E|CS|TAMS 0x00000000ed500000| PB 0x00000000ed500000| Complete 
| 214|0x00000000ed600000, 0x00000000ed700000, 0x00000000ed700000|100%| E|CS|TAMS 0x00000000ed600000| PB 0x00000000ed600000| Complete 
| 215|0x00000000ed700000, 0x00000000ed800000, 0x00000000ed800000|100%| E|CS|TAMS 0x00000000ed700000| PB 0x00000000ed700000| Complete 
| 216|0x00000000ed800000, 0x00000000ed900000, 0x00000000ed900000|100%| E|CS|TAMS 0x00000000ed800000| PB 0x00000000ed800000| Complete 
| 217|0x00000000ed900000, 0x00000000eda00000, 0x00000000eda00000|100%| E|CS|TAMS 0x00000000ed900000| PB 0x00000000ed900000| Complete 
| 218|0x00000000eda00000, 0x00000000edb00000, 0x00000000edb00000|100%| E|CS|TAMS 0x00000000eda00000| PB 0x00000000eda00000| Complete 
| 219|0x00000000edb00000, 0x00000000edc00000, 0x00000000edc00000|100%| E|CS|TAMS 0x00000000edb00000| PB 0x00000000edb00000| Complete 
| 220|0x00000000edc00000, 0x00000000edd00000, 0x00000000edd00000|100%| E|CS|TAMS 0x00000000edc00000| PB 0x00000000edc00000| Complete 
| 221|0x00000000edd00000, 0x00000000ede00000, 0x00000000ede00000|100%| E|CS|TAMS 0x00000000edd00000| PB 0x00000000edd00000| Complete 
| 222|0x00000000ede00000, 0x00000000edf00000, 0x00000000edf00000|100%| E|CS|TAMS 0x00000000ede00000| PB 0x00000000ede00000| Complete 
| 223|0x00000000edf00000, 0x00000000ee000000, 0x00000000ee000000|100%| E|CS|TAMS 0x00000000edf00000| PB 0x00000000edf00000| Complete 
| 224|0x00000000ee000000, 0x00000000ee100000, 0x00000000ee100000|100%| E|CS|TAMS 0x00000000ee000000| PB 0x00000000ee000000| Complete 
| 225|0x00000000ee100000, 0x00000000ee200000, 0x00000000ee200000|100%| E|CS|TAMS 0x00000000ee100000| PB 0x00000000ee100000| Complete 
| 226|0x00000000ee200000, 0x00000000ee300000, 0x00000000ee300000|100%| E|CS|TAMS 0x00000000ee200000| PB 0x00000000ee200000| Complete 
| 227|0x00000000ee300000, 0x00000000ee400000, 0x00000000ee400000|100%| E|CS|TAMS 0x00000000ee300000| PB 0x00000000ee300000| Complete 
| 228|0x00000000ee400000, 0x00000000ee500000, 0x00000000ee500000|100%| E|CS|TAMS 0x00000000ee400000| PB 0x00000000ee400000| Complete 
| 229|0x00000000ee500000, 0x00000000ee600000, 0x00000000ee600000|100%| E|CS|TAMS 0x00000000ee500000| PB 0x00000000ee500000| Complete 
| 230|0x00000000ee600000, 0x00000000ee700000, 0x00000000ee700000|100%| E|CS|TAMS 0x00000000ee600000| PB 0x00000000ee600000| Complete 
| 231|0x00000000ee700000, 0x00000000ee800000, 0x00000000ee800000|100%| E|CS|TAMS 0x00000000ee700000| PB 0x00000000ee700000| Complete 
| 232|0x00000000ee800000, 0x00000000ee900000, 0x00000000ee900000|100%| E|CS|TAMS 0x00000000ee800000| PB 0x00000000ee800000| Complete 
| 233|0x00000000ee900000, 0x00000000eea00000, 0x00000000eea00000|100%| E|CS|TAMS 0x00000000ee900000| PB 0x00000000ee900000| Complete 
| 234|0x00000000eea00000, 0x00000000eeb00000, 0x00000000eeb00000|100%| E|CS|TAMS 0x00000000eea00000| PB 0x00000000eea00000| Complete 
| 235|0x00000000eeb00000, 0x00000000eec00000, 0x00000000eec00000|100%| E|CS|TAMS 0x00000000eeb00000| PB 0x00000000eeb00000| Complete 
| 236|0x00000000eec00000, 0x00000000eed00000, 0x00000000eed00000|100%| E|CS|TAMS 0x00000000eec00000| PB 0x00000000eec00000| Complete 
| 237|0x00000000eed00000, 0x00000000eee00000, 0x00000000eee00000|100%| E|CS|TAMS 0x00000000eed00000| PB 0x00000000eed00000| Complete 
| 238|0x00000000eee00000, 0x00000000eef00000, 0x00000000eef00000|100%| E|CS|TAMS 0x00000000eee00000| PB 0x00000000eee00000| Complete 
| 239|0x00000000eef00000, 0x00000000ef000000, 0x00000000ef000000|100%| E|CS|TAMS 0x00000000eef00000| PB 0x00000000eef00000| Complete 
| 240|0x00000000ef000000, 0x00000000ef100000, 0x00000000ef100000|100%| E|CS|TAMS 0x00000000ef000000| PB 0x00000000ef000000| Complete 
| 241|0x00000000ef100000, 0x00000000ef200000, 0x00000000ef200000|100%| E|CS|TAMS 0x00000000ef100000| PB 0x00000000ef100000| Complete 
| 242|0x00000000ef200000, 0x00000000ef300000, 0x00000000ef300000|100%| E|CS|TAMS 0x00000000ef200000| PB 0x00000000ef200000| Complete 
| 243|0x00000000ef300000, 0x00000000ef400000, 0x00000000ef400000|100%| E|CS|TAMS 0x00000000ef300000| PB 0x00000000ef300000| Complete 
| 244|0x00000000ef400000, 0x00000000ef500000, 0x00000000ef500000|100%| E|CS|TAMS 0x00000000ef400000| PB 0x00000000ef400000| Complete 
| 245|0x00000000ef500000, 0x00000000ef600000, 0x00000000ef600000|100%| E|CS|TAMS 0x00000000ef500000| PB 0x00000000ef500000| Complete 
| 246|0x00000000ef600000, 0x00000000ef700000, 0x00000000ef700000|100%| E|CS|TAMS 0x00000000ef600000| PB 0x00000000ef600000| Complete 
| 247|0x00000000ef700000, 0x00000000ef800000, 0x00000000ef800000|100%| E|CS|TAMS 0x00000000ef700000| PB 0x00000000ef700000| Complete 
| 248|0x00000000ef800000, 0x00000000ef900000, 0x00000000ef900000|100%| E|CS|TAMS 0x00000000ef800000| PB 0x00000000ef800000| Complete 
| 249|0x00000000ef900000, 0x00000000efa00000, 0x00000000efa00000|100%| E|CS|TAMS 0x00000000ef900000| PB 0x00000000ef900000| Complete 
| 250|0x00000000efa00000, 0x00000000efb00000, 0x00000000efb00000|100%| E|CS|TAMS 0x00000000efa00000| PB 0x00000000efa00000| Complete 
| 251|0x00000000efb00000, 0x00000000efc00000, 0x00000000efc00000|100%| E|CS|TAMS 0x00000000efb00000| PB 0x00000000efb00000| Complete 
| 252|0x00000000efc00000, 0x00000000efd00000, 0x00000000efd00000|100%| E|CS|TAMS 0x00000000efc00000| PB 0x00000000efc00000| Complete 
| 253|0x00000000efd00000, 0x00000000efe00000, 0x00000000efe00000|100%| E|CS|TAMS 0x00000000efd00000| PB 0x00000000efd00000| Complete 
| 254|0x00000000efe00000, 0x00000000eff00000, 0x00000000eff00000|100%| E|CS|TAMS 0x00000000efe00000| PB 0x00000000efe00000| Complete 
| 255|0x00000000eff00000, 0x00000000f0000000, 0x00000000f0000000|100%| E|CS|TAMS 0x00000000eff00000| PB 0x00000000eff00000| Complete 

Card table byte_map: [0x000001eba5ef0000,0x000001eba5ff0000] _byte_map_base: 0x000001eba57f0000

Marking Bits: (CMBitMap*) 0x000001eb8e668510
 Bits: [0x000001eba5ff0000, 0x000001eba67f0000)

Polling page: 0x000001eb8c5e0000

Metaspace:

Usage:
  Non-class:     25.86 MB used.
      Class:      4.56 MB used.
       Both:     30.42 MB used.

Virtual space:
  Non-class space:       64.00 MB reserved,      26.44 MB ( 41%) committed,  1 nodes.
      Class space:      320.00 MB reserved,       5.12 MB (  2%) committed,  1 nodes.
             Both:      384.00 MB reserved,      31.56 MB (  8%) committed. 

Chunk freelists:
   Non-Class:  5.25 MB
       Class:  10.81 MB
        Both:  16.06 MB

MaxMetaspaceSize: 384.00 MB
CompressedClassSpaceSize: 320.00 MB
Initial GC threshold: 21.00 MB
Current GC threshold: 35.12 MB
CDS: on
 - commit_granule_bytes: 65536.
 - commit_granule_words: 8192.
 - virtual_space_node_default_size: 8388608.
 - enlarge_chunks_in_place: 1.
 - use_allocation_guard: 0.


Internal statistics:

num_allocs_failed_limit: 3.
num_arena_births: 2070.
num_arena_deaths: 0.
num_vsnodes_births: 2.
num_vsnodes_deaths: 0.
num_space_committed: 506.
num_space_uncommitted: 0.
num_chunks_returned_to_freelist: 3.
num_chunks_taken_from_freelist: 3494.
num_chunk_merges: 3.
num_chunk_splits: 2271.
num_chunks_enlarged: 1432.
num_inconsistent_stats: 0.

CodeHeap 'non-profiled nmethods': size=120000Kb used=2290Kb max_used=2290Kb free=117710Kb
 bounds [0x000001eb9e590000, 0x000001eb9e800000, 0x000001eba5ac0000]
CodeHeap 'profiled nmethods': size=120000Kb used=7708Kb max_used=7708Kb free=112291Kb
 bounds [0x000001eb96ac0000, 0x000001eb97250000, 0x000001eb9dff0000]
CodeHeap 'non-nmethods': size=5760Kb used=1705Kb max_used=1733Kb free=4054Kb
 bounds [0x000001eb9dff0000, 0x000001eb9e260000, 0x000001eb9e590000]
 total_blobs=4399 nmethods=3805 adapters=497
 compilation: enabled
              stopped_count=0, restarted_count=0
 full_count=0

Compilation events (20 events):
Event: 11.442 Thread 0x000001eba925ca80 3712       3       java.lang.module.ModuleDescriptor$1::newExports (14 bytes)
Event: 11.443 Thread 0x000001eba925ca80 nmethod 3712 0x000001eb97220710 code [0x000001eb972208e0, 0x000001eb97220c80]
Event: 11.443 Thread 0x000001eba925ca80 3715       3       java.lang.module.ModuleDescriptor$Exports::equals (60 bytes)
Event: 11.443 Thread 0x000001eba925ca80 nmethod 3715 0x000001eb97220e10 code [0x000001eb97221040, 0x000001eb97221990]
Event: 11.444 Thread 0x000001eba925ca80 3716       3       java.util.Set::of (10 bytes)
Event: 11.444 Thread 0x000001eba925ca80 nmethod 3716 0x000001eb97221b90 code [0x000001eb97221d40, 0x000001eb97221ed0]
Event: 11.444 Thread 0x000001eba925ca80 3717       3       java.util.ImmutableCollections$Set12::<init> (20 bytes)
Event: 11.444 Thread 0x000001eba925ca80 nmethod 3717 0x000001eb97221f90 code [0x000001eb97222180, 0x000001eb97222628]
Event: 11.444 Thread 0x000001eba925ca80 3718       3       jdk.internal.module.Builder::newExports (12 bytes)
Event: 11.445 Thread 0x000001eba925ca80 nmethod 3718 0x000001eb97222810 code [0x000001eb972229c0, 0x000001eb97222b18]
Event: 11.446 Thread 0x000001eba925ca80 3719       3       java.net.URI::toLower (19 bytes)
Event: 11.446 Thread 0x000001eba925ca80 nmethod 3719 0x000001eb97222c10 code [0x000001eb97222dc0, 0x000001eb97222f48]
Event: 11.446 Thread 0x000001eba925ca80 3720       3       java.net.URI::hash (33 bytes)
Event: 11.446 Thread 0x000001eba925b7d0 nmethod 3688 0x000001eb9e7c6890 code [0x000001eb9e7c6aa0, 0x000001eb9e7c71a8]
Event: 11.446 Thread 0x000001eba925b7d0 3708       4       java.lang.invoke.LambdaFormBuffer::indexOf (33 bytes)
Event: 11.446 Thread 0x000001eba925ca80 nmethod 3720 0x000001eb97223010 code [0x000001eb97223200, 0x000001eb972234d8]
Event: 11.449 Thread 0x000001eba925ca80 3721       3       org.codehaus.groovy.vmplugin.v9.Java9$$Lambda/0x000001ebab52b2b8::accept (16 bytes)
Event: 11.449 Thread 0x000001eba925ca80 nmethod 3721 0x000001eb97223610 code [0x000001eb972237c0, 0x000001eb97223a00]
Event: 11.449 Thread 0x000001eba925ca80 3722       3       org.codehaus.groovy.vmplugin.v9.Java9::lambda$static$6 (10 bytes)
Event: 11.449 Thread 0x000001eba925ca80 nmethod 3722 0x000001eb97223b10 code [0x000001eb97223cc0, 0x000001eb97223eb0]

GC Heap History (6 events):
Event: 1.676 GC heap before
{Heap before GC invocations=0 (full 0):
 garbage-first heap   total 262144K, used 26624K [0x00000000e0000000, 0x0000000100000000)
  region size 1024K, 23 young (23552K), 0 survivors (0K)
 Metaspace       used 2089K, committed 2304K, reserved 393216K
  class space    used 220K, committed 320K, reserved 327680K
}
Event: 1.755 GC heap after
{Heap after GC invocations=1 (full 0):
 garbage-first heap   total 262144K, used 10581K [0x00000000e0000000, 0x0000000100000000)
  region size 1024K, 3 young (3072K), 3 survivors (3072K)
 Metaspace       used 2089K, committed 2304K, reserved 393216K
  class space    used 220K, committed 320K, reserved 327680K
}
Event: 3.607 GC heap before
{Heap before GC invocations=1 (full 0):
 garbage-first heap   total 262144K, used 39253K [0x00000000e0000000, 0x0000000100000000)
  region size 1024K, 31 young (31744K), 3 survivors (3072K)
 Metaspace       used 4210K, committed 4480K, reserved 393216K
  class space    used 521K, committed 640K, reserved 327680K
}
Event: 3.611 GC heap after
{Heap after GC invocations=2 (full 0):
 garbage-first heap   total 262144K, used 11923K [0x00000000e0000000, 0x0000000100000000)
  region size 1024K, 2 young (2048K), 2 survivors (2048K)
 Metaspace       used 4210K, committed 4480K, reserved 393216K
  class space    used 521K, committed 640K, reserved 327680K
}
Event: 8.966 GC heap before
{Heap before GC invocations=2 (full 0):
 garbage-first heap   total 262144K, used 128659K [0x00000000e0000000, 0x0000000100000000)
  region size 1024K, 115 young (117760K), 2 survivors (2048K)
 Metaspace       used 20865K, committed 21504K, reserved 393216K
  class space    used 3017K, committed 3328K, reserved 327680K
}
Event: 8.981 GC heap after
{Heap after GC invocations=3 (full 0):
 garbage-first heap   total 262144K, used 24577K [0x00000000e0000000, 0x0000000100000000)
  region size 1024K, 13 young (13312K), 13 survivors (13312K)
 Metaspace       used 20865K, committed 21504K, reserved 393216K
  class space    used 3017K, committed 3328K, reserved 327680K
}

Dll operation events (15 events):
Event: 0.038 Loaded shared library C:\Program Files\Java\jdk-21\bin\java.dll
Event: 0.105 Loaded shared library C:\Program Files\Java\jdk-21\bin\jsvml.dll
Event: 0.179 Loaded shared library C:\Program Files\Java\jdk-21\bin\zip.dll
Event: 0.184 Loaded shared library C:\Program Files\Java\jdk-21\bin\instrument.dll
Event: 0.193 Loaded shared library C:\Program Files\Java\jdk-21\bin\net.dll
Event: 0.198 Loaded shared library C:\Program Files\Java\jdk-21\bin\nio.dll
Event: 0.206 Loaded shared library C:\Program Files\Java\jdk-21\bin\zip.dll
Event: 1.021 Loaded shared library C:\Program Files\Java\jdk-21\bin\jimage.dll
Event: 1.258 Loaded shared library C:\Program Files\Java\jdk-21\bin\verify.dll
Event: 1.833 Loaded shared library C:\Users\KOSA\.gradle\native\c067742578af261105cb4f569cf0c3c89f3d7b1fecec35dd04571415982c5e48\windows-amd64\native-platform.dll
Event: 1.866 Loaded shared library C:\Users\KOSA\.gradle\native\100fb08df4bc3b14c8652ba06237920a3bd2aa13389f12d3474272988ae205f9\windows-amd64\native-platform-file-events.dll
Event: 5.140 Loaded shared library C:\Program Files\Java\jdk-21\bin\management.dll
Event: 5.146 Loaded shared library C:\Program Files\Java\jdk-21\bin\management_ext.dll
Event: 5.555 Loaded shared library C:\Program Files\Java\jdk-21\bin\extnet.dll
Event: 5.769 Loaded shared library C:\Program Files\Java\jdk-21\bin\sunmscapi.dll

Deoptimization events (20 events):
Event: 11.339 Thread 0x000001ebc3178c00 Uncommon trap: trap_request=0xffffffc6 fr.pc=0x000001eb9e7ae30c relative=0x00000000000006ac
Event: 11.339 Thread 0x000001ebc3178c00 Uncommon trap: reason=bimorphic_or_optimized_type_check action=maybe_recompile pc=0x000001eb9e7ae30c method=java.io.BufferedInputStream.implRead([BII)I @ 100 c2
Event: 11.339 Thread 0x000001ebc3178c00 DEOPT PACKING pc=0x000001eb9e7ae30c sp=0x0000005d3acf8240
Event: 11.339 Thread 0x000001ebc3178c00 DEOPT UNPACKING pc=0x000001eb9e047da2 sp=0x0000005d3acf8228 mode 2
Event: 11.396 Thread 0x000001ebc3178c00 Uncommon trap: trap_request=0xffffff45 fr.pc=0x000001eb9e6c3df8 relative=0x0000000000000658
Event: 11.396 Thread 0x000001ebc3178c00 Uncommon trap: reason=unstable_if action=reinterpret pc=0x000001eb9e6c3df8 method=jdk.internal.org.objectweb.asm.MethodWriter.visitVarInsn(II)V @ 108 c2
Event: 11.397 Thread 0x000001ebc3178c00 DEOPT PACKING pc=0x000001eb9e6c3df8 sp=0x0000005d3acf00b0
Event: 11.397 Thread 0x000001ebc3178c00 DEOPT UNPACKING pc=0x000001eb9e047da2 sp=0x0000005d3acf0078 mode 2
Event: 11.397 Thread 0x000001ebc3178c00 Uncommon trap: trap_request=0xffffff45 fr.pc=0x000001eb9e797120 relative=0x0000000000000480
Event: 11.397 Thread 0x000001ebc3178c00 Uncommon trap: reason=unstable_if action=reinterpret pc=0x000001eb9e797120 method=jdk.internal.org.objectweb.asm.MethodWriter.visitMethodInsn(ILjava/lang/String;Ljava/lang/String;Ljava/lang/String;Z)V @ 81 c2
Event: 11.397 Thread 0x000001ebc3178c00 DEOPT PACKING pc=0x000001eb9e797120 sp=0x0000005d3acf00a0
Event: 11.397 Thread 0x000001ebc3178c00 DEOPT UNPACKING pc=0x000001eb9e047da2 sp=0x0000005d3acf0040 mode 2
Event: 11.397 Thread 0x000001ebc3178c00 Uncommon trap: trap_request=0xffffff45 fr.pc=0x000001eb9e761804 relative=0x0000000000000964
Event: 11.397 Thread 0x000001ebc3178c00 Uncommon trap: reason=unstable_if action=reinterpret pc=0x000001eb9e761804 method=jdk.internal.org.objectweb.asm.MethodWriter.visitInsn(I)V @ 24 c2
Event: 11.397 Thread 0x000001ebc3178c00 DEOPT PACKING pc=0x000001eb9e761804 sp=0x0000005d3acf0090
Event: 11.397 Thread 0x000001ebc3178c00 DEOPT UNPACKING pc=0x000001eb9e047da2 sp=0x0000005d3acf0078 mode 2
Event: 11.400 Thread 0x000001ebc3178c00 Uncommon trap: trap_request=0xffffff45 fr.pc=0x000001eb9e73e1b4 relative=0x0000000000001374
Event: 11.400 Thread 0x000001ebc3178c00 Uncommon trap: reason=unstable_if action=reinterpret pc=0x000001eb9e73e1b4 method=java.lang.invoke.LambdaForm.useCount(Ljava/lang/invoke/LambdaForm$Name;)I @ 8 c2
Event: 11.400 Thread 0x000001ebc3178c00 DEOPT PACKING pc=0x000001eb9e73e1b4 sp=0x0000005d3acf5a20
Event: 11.400 Thread 0x000001ebc3178c00 DEOPT UNPACKING pc=0x000001eb9e047da2 sp=0x0000005d3acf5880 mode 2

Classes loaded (20 events):
Event: 11.197 Loading class java/lang/ProcessBuilder
Event: 11.198 Loading class java/lang/ProcessBuilder done
Event: 11.298 Loading class java/util/EventListener
Event: 11.298 Loading class java/util/EventListener done
Event: 11.316 Loading class java/util/BitSet
Event: 11.317 Loading class java/util/BitSet done
Event: 11.325 Loading class java/util/TimerTask
Event: 11.326 Loading class java/util/TimerTask done
Event: 11.326 Loading class java/util/Timer
Event: 11.326 Loading class java/util/Timer done
Event: 11.377 Loading class java/security/AccessControlException
Event: 11.378 Loading class java/security/AccessControlException done
Event: 11.426 Loading class java/lang/reflect/GenericSignatureFormatError
Event: 11.426 Loading class java/lang/ClassFormatError
Event: 11.426 Loading class java/lang/ClassFormatError done
Event: 11.426 Loading class java/lang/reflect/GenericSignatureFormatError done
Event: 11.426 Loading class java/lang/reflect/MalformedParameterizedTypeException
Event: 11.427 Loading class java/lang/reflect/MalformedParameterizedTypeException done
Event: 11.440 Loading class java/lang/IllegalCallerException
Event: 11.440 Loading class java/lang/IllegalCallerException done

Classes unloaded (0 events):
No events

Classes redefined (0 events):
No events

Internal exceptions (20 events):
Event: 10.670 Thread 0x000001ebc3178c00 Exception <a 'java/lang/NoSuchMethodError'{0x00000000ecc669f8}: 'java.lang.Object java.lang.invoke.DelegatingMethodHandle$Holder.reinvoke_L(java.lang.Object, java.lang.Object, java.lang.Object, java.lang.Object, java.lang.Object, java.lang.Object, java.lang.Object, java.lang.Object, java.lang.Object, java.lang.Object, java.lang.Object, java.lang.Object, java.lang.Object, java.lang.Object, java.lang.Object, java.lang.Object, java.lang.Object, java.lang.Object, java.lang.Object)'> (0x00000000ecc669f8) 
throw
Event: 10.699 Thread 0x000001ebc3178c00 Exception <a 'java/lang/NoSuchMethodError'{0x00000000ecba5790}: 'java.lang.Object java.lang.invoke.DirectMethodHandle$Holder.newInvokeSpecial(java.lang.Object, java.lang.Object, java.lang.Object, java.lang.Object, java.lang.Object, java.lang.Object, java.lang.Object, java.lang.Object, java.lang.Object, java.lang.Object, java.lang.Object, java.lang.Object)'> (0x00000000ecba5790) 
thrown [s\open\src\hotspot\share\interpreter\linkResolver.cpp, line 773]
Event: 10.879 Thread 0x000001ebc3178c00 Exception <a 'java/lang/IncompatibleClassChangeError'{0x00000000ec603a40}: Found class java.lang.Object, but interface was expected> (0x00000000ec603a40) 
thrown [s\open\src\hotspot\share\interpreter\linkResolver.cpp, line 840]
Event: 10.899 Thread 0x000001ebc3178c00 Exception <a 'java/lang/NoSuchMethodError'{0x00000000ec6d7300}: 'int java.lang.invoke.DirectMethodHandle$Holder.invokeStaticInit(java.lang.Object, java.lang.Object, java.lang.Object)'> (0x00000000ec6d7300) 
thrown [s\open\src\hotspot\share\interpreter\linkResolver.cpp, line 773]
Event: 10.902 Thread 0x000001ebc3178c00 Exception <a 'java/lang/NoSuchMethodError'{0x00000000ec6eb2c8}: 'java.lang.Object java.lang.invoke.DirectMethodHandle$Holder.newInvokeSpecial(java.lang.Object, java.lang.Object, long)'> (0x00000000ec6eb2c8) 
thrown [s\open\src\hotspot\share\interpreter\linkResolver.cpp, line 773]
Event: 10.902 Thread 0x000001ebc3178c00 Exception <a 'java/lang/NoSuchMethodError'{0x00000000ec6ef680}: 'java.lang.Object java.lang.invoke.Invokers$Holder.linkToTargetMethod(java.lang.Object, long, java.lang.Object)'> (0x00000000ec6ef680) 
thrown [s\open\src\hotspot\share\interpreter\linkResolver.cpp, line 773]
Event: 10.979 Thread 0x000001ebc3178c00 Exception <a 'java/lang/NoSuchMethodError'{0x00000000ec325c08}: 'int java.lang.invoke.DirectMethodHandle$Holder.invokeInterface(java.lang.Object, java.lang.Object)'> (0x00000000ec325c08) 
thrown [s\open\src\hotspot\share\interpreter\linkResolver.cpp, line 773]
Event: 10.992 Thread 0x000001ebc3178c00 Exception <a 'java/lang/NoSuchMethodError'{0x00000000ec3812a0}: 'java.lang.Object java.lang.invoke.DirectMethodHandle$Holder.invokeVirtual(java.lang.Object, java.lang.Object, int)'> (0x00000000ec3812a0) 
thrown [s\open\src\hotspot\share\interpreter\linkResolver.cpp, line 773]
Event: 11.038 Thread 0x000001ebc3178c00 Exception <a 'java/lang/NoSuchMethodError'{0x00000000ec2524d0}: 'java.lang.Object java.lang.invoke.DirectMethodHandle$Holder.invokeStatic(java.lang.Object, java.lang.Object, int, java.lang.Object)'> (0x00000000ec2524d0) 
thrown [s\open\src\hotspot\share\interpreter\linkResolver.cpp, line 773]
Event: 11.039 Thread 0x000001ebc3178c00 Exception <a 'java/lang/NoSuchMethodError'{0x00000000ec2596c8}: 'java.lang.Object java.lang.invoke.DirectMethodHandle$Holder.newInvokeSpecial(java.lang.Object, java.lang.Object, int, java.lang.Object)'> (0x00000000ec2596c8) 
thrown [s\open\src\hotspot\share\interpreter\linkResolver.cpp, line 773]
Event: 11.040 Thread 0x000001ebc3178c00 Exception <a 'java/lang/NoSuchMethodError'{0x00000000ec25dd48}: 'java.lang.Object java.lang.invoke.DirectMethodHandle$Holder.invokeSpecial(java.lang.Object, java.lang.Object, java.lang.Object, int, java.lang.Object)'> (0x00000000ec25dd48) 
thrown [s\open\src\hotspot\share\interpreter\linkResolver.cpp, line 773]
Event: 11.121 Thread 0x000001ebc3178c00 Exception <a 'java/lang/NoSuchMethodError'{0x00000000ec0d10a0}: 'void java.lang.invoke.DirectMethodHandle$Holder.invokeInterface(java.lang.Object, java.lang.Object, java.lang.Object, java.lang.Object, java.lang.Object, java.lang.Object, java.lang.Object)'> (0x00000000ec0d10a0) 
thrown [s\open\src\hotspot\share\interpreter\linkResolver.cpp, line 773]
Event: 11.121 Thread 0x000001ebc3178c00 Exception <a 'java/lang/NoSuchMethodError'{0x00000000ec0d59f8}: 'void java.lang.invoke.DelegatingMethodHandle$Holder.reinvoke_L(java.lang.Object, java.lang.Object, java.lang.Object, java.lang.Object, java.lang.Object, java.lang.Object, java.lang.Object)'> (0x00000000ec0d59f8) 
thrown [s\open\src\hotspot\share\interpreter\linkResolver.cpp, line 773]
Event: 11.201 Thread 0x000001ebc3178c00 Exception <a 'java/lang/NoSuchMethodError'{0x00000000ebe69778}: 'java.lang.Object java.lang.invoke.DirectMethodHandle$Holder.invokeSpecial(java.lang.Object, java.lang.Object, java.lang.Object, int, java.lang.Object, java.lang.Object)'> (0x00000000ebe69778) 
thrown [s\open\src\hotspot\share\interpreter\linkResolver.cpp, line 773]
Event: 11.396 Thread 0x000001ebc3178c00 Implicit null exception at 0x000001eb9e6c38b5 to 0x000001eb9e6c3dec
Event: 11.397 Thread 0x000001ebc3178c00 Implicit null exception at 0x000001eb9e796d98 to 0x000001eb9e797114
Event: 11.397 Thread 0x000001ebc3178c00 Implicit null exception at 0x000001eb9e760f2c to 0x000001eb9e7617f4
Event: 11.397 Thread 0x000001ebc3178c00 Exception <a 'java/lang/NoSuchMethodError'{0x00000000ebaf0b38}: 'java.lang.reflect.Method[] java.lang.Class.getDeclaredMethods(java.lang.Class)'> (0x00000000ebaf0b38) 
thrown [s\open\src\hotspot\share\interpreter\linkResolver.cpp, line 773]
Event: 11.447 Thread 0x000001ebc3178c00 Exception <a 'java/lang/NoSuchMethodError'{0x00000000eb884028}: 'void java.lang.invoke.DirectMethodHandle$Holder.invokeStaticInit(java.lang.Object, java.lang.Object, java.lang.Object)'> (0x00000000eb884028) 
thrown [s\open\src\hotspot\share\interpreter\linkResolver.cpp, line 773]
Event: 11.448 Thread 0x000001ebc3178c00 Exception <a 'java/lang/NoSuchMethodError'{0x00000000eb88aaf0}: 'void java.lang.invoke.DirectMethodHandle$Holder.invokeStaticInit(java.lang.Object, java.lang.Object, java.lang.Object, java.lang.Object)'> (0x00000000eb88aaf0) 
thrown [s\open\src\hotspot\share\interpreter\linkResolver.cpp, line 773]

ZGC Phase Switch (0 events):
No events

VM Operations (20 events):
Event: 9.564 Executing VM operation: HandshakeAllThreads (Deoptimize)
Event: 9.564 Executing VM operation: HandshakeAllThreads (Deoptimize) done
Event: 10.069 Executing VM operation: HandshakeAllThreads (Deoptimize)
Event: 10.069 Executing VM operation: HandshakeAllThreads (Deoptimize) done
Event: 10.069 Executing VM operation: Cleanup
Event: 10.070 Executing VM operation: Cleanup done
Event: 10.406 Executing VM operation: HandshakeAllThreads (Deoptimize)
Event: 10.406 Executing VM operation: HandshakeAllThreads (Deoptimize) done
Event: 10.882 Executing VM operation: HandshakeAllThreads (Deoptimize)
Event: 10.882 Executing VM operation: HandshakeAllThreads (Deoptimize) done
Event: 10.907 Executing VM operation: HandshakeAllThreads (Deoptimize)
Event: 10.907 Executing VM operation: HandshakeAllThreads (Deoptimize) done
Event: 11.129 Executing VM operation: HandshakeAllThreads (Deoptimize)
Event: 11.129 Executing VM operation: HandshakeAllThreads (Deoptimize) done
Event: 11.129 Executing VM operation: Cleanup
Event: 11.129 Executing VM operation: Cleanup done
Event: 11.130 Executing VM operation: HandshakeAllThreads (Deoptimize)
Event: 11.130 Executing VM operation: HandshakeAllThreads (Deoptimize) done
Event: 11.378 Executing VM operation: HandshakeAllThreads (Deoptimize)
Event: 11.378 Executing VM operation: HandshakeAllThreads (Deoptimize) done

Events (20 events):
Event: 5.943 Thread 0x000001eba9566a10 Thread added: 0x000001eba9566a10
Event: 5.947 Thread 0x000001eba95642b0 Thread added: 0x000001eba95642b0
Event: 6.158 Thread 0x000001ebc34f9f70 Thread exited: 0x000001ebc34f9f70
Event: 6.724 Thread 0x000001eba9567730 Thread added: 0x000001eba9567730
Event: 6.747 Thread 0x000001eba9564fd0 Thread added: 0x000001eba9564fd0
Event: 6.824 Thread 0x000001eba9565cf0 Thread added: 0x000001eba9565cf0
Event: 7.125 Thread 0x000001ebc4d17b90 Thread added: 0x000001ebc4d17b90
Event: 7.184 Thread 0x000001ebc4589ab0 Thread added: 0x000001ebc4589ab0
Event: 8.638 Thread 0x000001ebc4589ab0 Thread exited: 0x000001ebc4589ab0
Event: 8.994 Thread 0x000001eba9566380 Thread added: 0x000001eba9566380
Event: 9.126 Thread 0x000001ebc4d17b90 Thread exited: 0x000001ebc4d17b90
Event: 9.510 Thread 0x000001eba95670a0 Thread added: 0x000001eba95670a0
Event: 9.520 Thread 0x000001ebc69a5950 Thread added: 0x000001ebc69a5950
Event: 9.881 Thread 0x000001ebc69aa180 Thread added: 0x000001ebc69aa180
Event: 9.966 Thread 0x000001ebc69a7390 Thread added: 0x000001ebc69a7390
Event: 10.227 Thread 0x000001ebc69a6670 Thread added: 0x000001ebc69a6670
Event: 10.564 Thread 0x000001ebc69a9af0 Thread added: 0x000001ebc69a9af0
Event: 10.674 Thread 0x000001ebc7152550 Thread added: 0x000001ebc7152550
Event: 11.041 Thread 0x000001ebc69a4c30 Thread added: 0x000001ebc69a4c30
Event: 11.100 Thread 0x000001ebc69a6d00 Thread added: 0x000001ebc69a6d00


Dynamic libraries:
0x00007ff7433a0000 - 0x00007ff7433b0000 	C:\Program Files\Java\jdk-21\bin\java.exe
0x00007ffb15230000 - 0x00007ffb15428000 	C:\Windows\SYSTEM32\ntdll.dll
0x00007ffb14dc0000 - 0x00007ffb14e81000 	C:\Windows\System32\KERNEL32.DLL
0x00007ffb12b10000 - 0x00007ffb12e0d000 	C:\Windows\System32\KERNELBASE.dll
0x00007ffb12f10000 - 0x00007ffb13010000 	C:\Windows\System32\ucrtbase.dll
0x00007ffaef7e0000 - 0x00007ffaef7fb000 	C:\Program Files\Java\jdk-21\bin\VCRUNTIME140.dll
0x00007ffaef2a0000 - 0x00007ffaef2b9000 	C:\Program Files\Java\jdk-21\bin\jli.dll
0x00007ffb147a0000 - 0x00007ffb14850000 	C:\Windows\System32\ADVAPI32.dll
0x00007ffb13ca0000 - 0x00007ffb13d3e000 	C:\Windows\System32\msvcrt.dll
0x00007ffb141a0000 - 0x00007ffb14240000 	C:\Windows\System32\sechost.dll
0x00007ffb13350000 - 0x00007ffb13473000 	C:\Windows\System32\RPCRT4.dll
0x00007ffb12ae0000 - 0x00007ffb12b07000 	C:\Windows\System32\bcrypt.dll
0x00007ffb13d40000 - 0x00007ffb13edd000 	C:\Windows\System32\USER32.dll
0x00007ffb128e0000 - 0x00007ffb12902000 	C:\Windows\System32\win32u.dll
0x00007ffb143d0000 - 0x00007ffb143fb000 	C:\Windows\System32\GDI32.dll
0x00007ffb129c0000 - 0x00007ffb12ad7000 	C:\Windows\System32\gdi32full.dll
0x00007ffb13010000 - 0x00007ffb130ad000 	C:\Windows\System32\msvcp_win.dll
0x00007ffafe7f0000 - 0x00007ffafea8a000 	C:\Windows\WinSxS\amd64_microsoft.windows.common-controls_6595b64144ccf1df_6.0.19041.4355_none_60b8b9eb71f62e16\COMCTL32.dll
0x00007ffb0a740000 - 0x00007ffb0a74a000 	C:\Windows\SYSTEM32\VERSION.dll
0x00007ffb14110000 - 0x00007ffb1413f000 	C:\Windows\System32\IMM32.DLL
0x00007ffb0c270000 - 0x00007ffb0c27c000 	C:\Program Files\Java\jdk-21\bin\vcruntime140_1.dll
0x00007ffad93e0000 - 0x00007ffad946e000 	C:\Program Files\Java\jdk-21\bin\msvcp140.dll
0x00007ffa9ab30000 - 0x00007ffa9b83d000 	C:\Program Files\Java\jdk-21\bin\server\jvm.dll
0x00007ffb14090000 - 0x00007ffb140fb000 	C:\Windows\System32\WS2_32.dll
0x00007ffb0f970000 - 0x00007ffb0f997000 	C:\Windows\SYSTEM32\WINMM.dll
0x00007ffb12200000 - 0x00007ffb1224b000 	C:\Windows\SYSTEM32\POWRPROF.dll
0x00007ffb121e0000 - 0x00007ffb121f2000 	C:\Windows\SYSTEM32\UMPDC.dll
0x00007ffb110b0000 - 0x00007ffb110c2000 	C:\Windows\SYSTEM32\kernel.appcore.dll
0x00007ffb0b7f0000 - 0x00007ffb0b7fa000 	C:\Program Files\Java\jdk-21\bin\jimage.dll
0x00007ffb10610000 - 0x00007ffb107f4000 	C:\Windows\SYSTEM32\DBGHELP.DLL
0x00007ffb0f8f0000 - 0x00007ffb0f924000 	C:\Windows\SYSTEM32\dbgcore.DLL
0x00007ffb12e10000 - 0x00007ffb12e92000 	C:\Windows\System32\bcryptPrimitives.dll
0x00007ffb0b1f0000 - 0x00007ffb0b1ff000 	C:\Program Files\Java\jdk-21\bin\instrument.dll
0x00007ffaeec80000 - 0x00007ffaeec9f000 	C:\Program Files\Java\jdk-21\bin\java.dll
0x00007ffb13480000 - 0x00007ffb13bef000 	C:\Windows\System32\SHELL32.dll
0x00007ffb10900000 - 0x00007ffb1109f000 	C:\Windows\SYSTEM32\windows.storage.dll
0x00007ffb14e90000 - 0x00007ffb151e3000 	C:\Windows\System32\combase.dll
0x00007ffb121b0000 - 0x00007ffb121de000 	C:\Windows\SYSTEM32\Wldp.dll
0x00007ffb13260000 - 0x00007ffb1332d000 	C:\Windows\System32\OLEAUT32.dll
0x00007ffb14560000 - 0x00007ffb1460d000 	C:\Windows\System32\SHCORE.dll
0x00007ffb14740000 - 0x00007ffb14795000 	C:\Windows\System32\shlwapi.dll
0x00007ffb12810000 - 0x00007ffb12834000 	C:\Windows\SYSTEM32\profapi.dll
0x00007ffad4ab0000 - 0x00007ffad4b87000 	C:\Program Files\Java\jdk-21\bin\jsvml.dll
0x00007ffaeec60000 - 0x00007ffaeec78000 	C:\Program Files\Java\jdk-21\bin\zip.dll
0x00007ffb0b0c0000 - 0x00007ffb0b0d0000 	C:\Program Files\Java\jdk-21\bin\net.dll
0x00007ffb0eb00000 - 0x00007ffb0ec0d000 	C:\Windows\SYSTEM32\WINHTTP.dll
0x00007ffb11f90000 - 0x00007ffb11ffa000 	C:\Windows\system32\mswsock.dll
0x00007ffaeec10000 - 0x00007ffaeec26000 	C:\Program Files\Java\jdk-21\bin\nio.dll
0x00007ffb08770000 - 0x00007ffb08780000 	C:\Program Files\Java\jdk-21\bin\verify.dll
0x00007ffaea640000 - 0x00007ffaea667000 	C:\Users\KOSA\.gradle\native\c067742578af261105cb4f569cf0c3c89f3d7b1fecec35dd04571415982c5e48\windows-amd64\native-platform.dll
0x00007ffad3870000 - 0x00007ffad39b4000 	C:\Users\KOSA\.gradle\native\100fb08df4bc3b14c8652ba06237920a3bd2aa13389f12d3474272988ae205f9\windows-amd64\native-platform-file-events.dll
0x00007ffb084b0000 - 0x00007ffb084ba000 	C:\Program Files\Java\jdk-21\bin\management.dll
0x00007ffb08050000 - 0x00007ffb0805b000 	C:\Program Files\Java\jdk-21\bin\management_ext.dll
0x00007ffb14100000 - 0x00007ffb14108000 	C:\Windows\System32\PSAPI.DLL
0x00007ffb12260000 - 0x00007ffb12278000 	C:\Windows\SYSTEM32\CRYPTSP.dll
0x00007ffb118d0000 - 0x00007ffb11904000 	C:\Windows\system32\rsaenh.dll
0x00007ffb127c0000 - 0x00007ffb127ee000 	C:\Windows\SYSTEM32\USERENV.dll
0x00007ffb12120000 - 0x00007ffb1212c000 	C:\Windows\SYSTEM32\CRYPTBASE.dll
0x00007ffb11c90000 - 0x00007ffb11ccb000 	C:\Windows\SYSTEM32\IPHLPAPI.DLL
0x00007ffb14730000 - 0x00007ffb14738000 	C:\Windows\System32\NSI.dll
0x00007ffb07a70000 - 0x00007ffb07a79000 	C:\Program Files\Java\jdk-21\bin\extnet.dll
0x00007ffb001b0000 - 0x00007ffb001be000 	C:\Program Files\Java\jdk-21\bin\sunmscapi.dll
0x00007ffb130b0000 - 0x00007ffb1320e000 	C:\Windows\System32\CRYPT32.dll
0x00007ffb12370000 - 0x00007ffb12399000 	C:\Windows\SYSTEM32\ncrypt.dll
0x00007ffb12330000 - 0x00007ffb1236b000 	C:\Windows\SYSTEM32\NTASN1.dll
0x00007ffae91a0000 - 0x00007ffae91a7000 	C:\Windows\system32\wshunix.dll

dbghelp: loaded successfully - version: 4.0.5 - missing functions: none
symbol engine: initialized successfully - sym options: 0x614 - pdb path: .;C:\Program Files\Java\jdk-21\bin;C:\Windows\SYSTEM32;C:\Windows\WinSxS\amd64_microsoft.windows.common-controls_6595b64144ccf1df_6.0.19041.4355_none_60b8b9eb71f62e16;C:\Program Files\Java\jdk-21\bin\server;C:\Users\KOSA\.gradle\native\c067742578af261105cb4f569cf0c3c89f3d7b1fecec35dd04571415982c5e48\windows-amd64;C:\Users\KOSA\.gradle\native\100fb08df4bc3b14c8652ba06237920a3bd2aa13389f12d3474272988ae205f9\windows-amd64

VM Arguments:
jvm_args: --add-opens=java.base/java.util=ALL-UNNAMED --add-opens=java.base/java.lang=ALL-UNNAMED --add-opens=java.base/java.lang.invoke=ALL-UNNAMED --add-opens=java.prefs/java.util.prefs=ALL-UNNAMED --add-opens=java.base/java.nio.charset=ALL-UNNAMED --add-opens=java.base/java.net=ALL-UNNAMED --add-opens=java.base/java.util.concurrent.atomic=ALL-UNNAMED -XX:MaxMetaspaceSize=384m -XX:+HeapDumpOnOutOfMemoryError -Xms256m -Xmx512m -Dfile.encoding=x-windows-949 -Duser.country=KR -Duser.language=ko -Duser.variant -javaagent:C:\Users\KOSA\.gradle\wrapper\dists\gradle-8.8-bin\dl7vupf4psengwqhwktix4v1\gradle-8.8\lib\agents\gradle-instrumentation-agent-8.8.jar 
java_command: org.gradle.launcher.daemon.bootstrap.GradleDaemon 8.8
java_class_path (initial): C:\Users\KOSA\.gradle\wrapper\dists\gradle-8.8-bin\dl7vupf4psengwqhwktix4v1\gradle-8.8\lib\gradle-launcher-8.8.jar
Launcher Type: SUN_STANDARD

[Global flags]
     intx CICompilerCount                          = 4                                         {product} {ergonomic}
   size_t CompressedClassSpaceSize                 = 335544320                                 {product} {ergonomic}
     uint ConcGCThreads                            = 2                                         {product} {ergonomic}
     uint G1ConcRefinementThreads                  = 8                                         {product} {ergonomic}
   size_t G1HeapRegionSize                         = 1048576                                   {product} {ergonomic}
    uintx GCDrainStackTargetSize                   = 64                                        {product} {ergonomic}
     bool HeapDumpOnOutOfMemoryError               = true                                   {manageable} {command line}
   size_t InitialHeapSize                          = 268435456                                 {product} {command line}
   size_t MarkStackSize                            = 4194304                                   {product} {ergonomic}
   size_t MaxHeapSize                              = 536870912                                 {product} {command line}
   size_t MaxMetaspaceSize                         = 402653184                                 {product} {command line}
   size_t MaxNewSize                               = 321912832                                 {product} {ergonomic}
   size_t MinHeapDeltaBytes                        = 1048576                                   {product} {ergonomic}
   size_t MinHeapSize                              = 268435456                                 {product} {command line}
    uintx NonNMethodCodeHeapSize                   = 5839372                                {pd product} {ergonomic}
    uintx NonProfiledCodeHeapSize                  = 122909434                              {pd product} {ergonomic}
    uintx ProfiledCodeHeapSize                     = 122909434                              {pd product} {ergonomic}
    uintx ReservedCodeCacheSize                    = 251658240                              {pd product} {ergonomic}
     bool SegmentedCodeCache                       = true                                      {product} {ergonomic}
   size_t SoftMaxHeapSize                          = 536870912                              {manageable} {ergonomic}
     bool UseCompressedOops                        = true                           {product lp64_product} {ergonomic}
     bool UseG1GC                                  = true                                      {product} {ergonomic}
     bool UseLargePagesIndividualAllocation        = false                                  {pd product} {ergonomic}

Logging:
Log output configuration:
 #0: stdout all=warning uptime,level,tags foldmultilines=false
 #1: stderr all=off uptime,level,tags foldmultilines=false

Environment Variables:
JAVA_HOME=C:\Program Files\Java\jdk-21
PATH=C:\app\KOSA\product\21c\dbhomeXE\bin;C:\oraclexe\app\oracle\product\11.2.0\server\bin;C:\Program Files\Java\jdk-21\bin;C:\Program Files\Common Files\Oracle\Java\javapath;C:\Windows\system32;C:\Windows;C:\Windows\System32\Wbem;C:\Windows\System32\WindowsPowerShell\v1.0\;C:\Windows\System32\OpenSSH\;C:\gradle\gradle-8.8\bin;C:\Program Files\Docker\Docker\resources\bin;C:\Program Files\Git\cmd;C:\Program Files\Bandizip\;C:\Program Files\nodejs\;C:\Users\KOSA\.pyenv\pyenv-win\bin;C:\Users\KOSA\.pyenv\pyenv-win\shims;C:\Users\KOSA\.pyenv\pyenv-win\bin;C:\Users\KOSA\.pyenv\pyenv-win\shims;C:\Users\KOSA\AppData\Local\Programs\Python\Python312\Scripts\;C:\Users\KOSA\AppData\Local\Programs\Python\Python312\;C:\Users\KOSA\AppData\Local\Microsoft\WindowsApps;C:\Users\KOSA\AppData\Local\Programs\Microsoft VS Code\bin;C:\Program Files\JetBrains\IntelliJ IDEA 2024.1.4\bin;C:\Users\KOSA\AppData\Local\Microsoft\WinGet\Packages\Schniz.fnm_Microsoft.Winget.Source_8wekyb3d8bbwe;C:\Users\KOSA\AppData\Roaming\npm
USERNAME=KOSA
OS=Windows_NT
PROCESSOR_IDENTIFIER=Intel64 Family 6 Model 140 Stepping 1, GenuineIntel
TMP=C:\Users\KOSA\AppData\Local\Temp
TEMP=C:\Users\KOSA\AppData\Local\Temp




Periodic native trim disabled

---------------  S Y S T E M  ---------------

OS:
 Windows 10 , 64 bit Build 19041 (10.0.19041.4717)
OS uptime: 9 days 20:55 hours
Hyper-V role detected

CPU: total 8 (initial active 8) (4 cores per cpu, 2 threads per core) family 6 model 140 stepping 1 microcode 0x9a, cx8, cmov, fxsr, ht, mmx, 3dnowpref, sse, sse2, sse3, ssse3, sse4.1, sse4.2, popcnt, lzcnt, tsc, tscinvbit, avx, avx2, aes, erms, clmul, bmi1, bmi2, adx, avx512f, avx512dq, avx512cd, avx512bw, avx512vl, sha, fma, vzeroupper, avx512_vpopcntdq, avx512_vpclmulqdq, avx512_vaes, avx512_vnni, clflush, clflushopt, clwb, avx512_vbmi2, avx512_vbmi, hv, rdtscp, rdpid, fsrm, gfni, avx512_bitalg, f16c, cet_ibt, cet_ss, avx512_ifma
Processor Information for all 8 processors :
  Max Mhz: 2419, Current Mhz: 2419, Mhz Limit: 2419

Memory: 4k page, system-wide physical 16092M (1355M free)
TotalPageFile size 43984M (AvailPageFile size 5M)
current process WorkingSet (physical memory assigned to process): 284M, peak: 295M
current process commit charge ("private bytes"): 446M, peak: 458M

vm_info: Java HotSpot(TM) 64-Bit Server VM (21.0.3+7-LTS-152) for windows-amd64 JRE (21.0.3+7-LTS-152), built on 2024-03-11T17:42:26Z by "mach5one" with MS VC++ 17.6 (VS2022)

END.
